ERROR:PYTHON:[32m[`__main__.my_sum` Worker #9][0m
ERROR:PYTHON:[32m[`__main__.my_sum` Worker #7][0m
ERROR:PYTHON:[32m[`__main__.my_sum` Worker #9][0m my_sum(â•­â”€â”€â”€â”€â”€â”€â”€â•®
ERROR:PYTHON:[32m[`__main__.my_sum` Worker #7][0m my_sum(â•­â”€â”€â”€â”€â”€â”€â”€â•®
ERROR:PYTHON:[32m[`__main__.my_sum` Worker #9][0m â”‚ id    â”‚
ERROR:PYTHON:[32m[`__main__.my_sum` Worker #7][0m â”‚ id    â”‚
ERROR:PYTHON:[32m[`__main__.my_sum` Worker #9][0m â”‚ ---   â”‚
ERROR:PYTHON:[32m[`__main__.my_sum` Worker #7][0m â”‚ ---   â”‚
ERROR:PYTHON:[32m[`__main__.my_sum` Worker #6][0m
ERROR:PYTHON:[32m[`__main__.my_sum` Worker #9][0m â”‚ Int64 â”‚
ERROR:PYTHON:[32m[`__main__.my_sum` Worker #1][0m
ERROR:PYTHON:[32m[`__main__.my_sum` Worker #7][0m â”‚ Int64 â”‚
ERROR:PYTHON:[32m[`__main__.my_sum` Worker #6][0m my_sum(â•­â”€â”€â”€â”€â”€â”€â”€â•®
ERROR:PYTHON:[32m[`__main__.my_sum` Worker #2][0m
ERROR:PYTHON:[32m[`__main__.my_sum` Worker #1][0m my_sum(â•­â”€â”€â”€â”€â”€â”€â”€â•®
ERROR:PYTHON:[32m[`__main__.my_sum` Worker #5][0m
ERROR:PYTHON:[32m[`__main__.my_sum` Worker #9][0m â•â•â•â•â•â•â•â•â•¡
ERROR:PYTHON:[32m[`__main__.my_sum` Worker #4][0m
ERROR:PYTHON:[32m[`__main__.my_sum` Worker #10][0m
ERROR:PYTHON:[32m[`__main__.my_sum` Worker #8][0m
ERROR:PYTHON:[32m[`__main__.my_sum` Worker #7][0m â•â•â•â•â•â•â•â•â•¡
ERROR:PYTHON:[32m[`__main__.my_sum` Worker #3][0m
ERROR:PYTHON:[32m[`__main__.my_sum` Worker #0][0m
ERROR:PYTHON:[32m[`__main__.my_sum` Worker #6][0m â”‚ id    â”‚
ERROR:PYTHON:[32m[`__main__.my_sum` Worker #2][0m my_sum(â•­â”€â”€â”€â”€â”€â”€â”€â•®
ERROR:PYTHON:[32m[`__main__.my_sum` Worker #1][0m â”‚ id    â”‚
ERROR:PYTHON:[32m[`__main__.my_sum` Worker #5][0m my_sum(â•­â”€â”€â”€â”€â”€â”€â”€â•®
ERROR:PYTHON:[32m[`__main__.my_sum` Worker #9][0m â”‚ 9     â”‚
ERROR:PYTHON:[32m[`__main__.my_sum` Worker #4][0m my_sum(â•­â”€â”€â”€â”€â”€â”€â”€â•®
ERROR:PYTHON:[32m[`__main__.my_sum` Worker #10][0m my_sum(â•­â”€â”€â”€â”€â”€â”€â”€â•®
ERROR:PYTHON:[32m[`__main__.my_sum` Worker #11][0m
ERROR:PYTHON:[32m[`__main__.my_sum` Worker #8][0m my_sum(â•­â”€â”€â”€â”€â”€â”€â”€â•®
ERROR:PYTHON:[32m[`__main__.my_sum` Worker #7][0m â”‚ 7     â”‚
ERROR:PYTHON:[32m[`__main__.my_sum` Worker #3][0m my_sum(â•­â”€â”€â”€â”€â”€â”€â”€â•®
ERROR:PYTHON:[32m[`__main__.my_sum` Worker #0][0m my_sum(â•­â”€â”€â”€â”€â”€â”€â”€â•®
ERROR:PYTHON:[32m[`__main__.my_sum` Worker #6][0m â”‚ ---   â”‚
ERROR:PYTHON:[32m[`__main__.my_sum` Worker #2][0m â”‚ id    â”‚
ERROR:PYTHON:[32m[`__main__.my_sum` Worker #1][0m â”‚ ---   â”‚
ERROR:PYTHON:[32m[`__main__.my_sum` Worker #5][0m â”‚ id    â”‚
ERROR:PYTHON:[32m[`__main__.my_sum` Worker #9][0m â•°â”€â”€â”€â”€â”€â”€â”€â•¯
ERROR:PYTHON:[32m[`__main__.my_sum` Worker #4][0m â”‚ id    â”‚
ERROR:PYTHON:[32m[`__main__.my_sum` Worker #10][0m â”‚ id    â”‚
ERROR:PYTHON:[32m[`__main__.my_sum` Worker #11][0m my_sum(â•­â”€â”€â”€â”€â”€â”€â”€â•®
ERROR:PYTHON:[32m[`__main__.my_sum` Worker #8][0m â”‚ id    â”‚
ERROR:PYTHON:[32m[`__main__.my_sum` Worker #7][0m â•°â”€â”€â”€â”€â”€â”€â”€â•¯
ERROR:PYTHON:[32m[`__main__.my_sum` Worker #3][0m â”‚ id    â”‚
ERROR:PYTHON:[32m[`__main__.my_sum` Worker #0][0m â”‚ id    â”‚
ERROR:PYTHON:[32m[`__main__.my_sum` Worker #6][0m â”‚ Int64 â”‚
ERROR:PYTHON:[32m[`__main__.my_sum` Worker #2][0m â”‚ ---   â”‚
ERROR:PYTHON:[32m[`__main__.my_sum` Worker #1][0m â”‚ Int64 â”‚
ERROR:PYTHON:[32m[`__main__.my_sum` Worker #5][0m â”‚ ---   â”‚
ERROR:PYTHON:[32m[`__main__.my_sum` Worker #9][0m )
ERROR:PYTHON:[32m[`__main__.my_sum` Worker #4][0m â”‚ ---   â”‚
ERROR:PYTHON:[32m[`__main__.my_sum` Worker #10][0m â”‚ ---   â”‚
ERROR:PYTHON:[32m[`__main__.my_sum` Worker #11][0m â”‚ id    â”‚
ERROR:PYTHON:[32m[`__main__.my_sum` Worker #8][0m â”‚ ---   â”‚
ERROR:PYTHON:[32m[`__main__.my_sum` Worker #7][0m )
ERROR:PYTHON:[32m[`__main__.my_sum` Worker #3][0m â”‚ ---   â”‚
ERROR:PYTHON:[32m[`__main__.my_sum` Worker #0][0m â”‚ ---   â”‚
ERROR:PYTHON:[32m[`__main__.my_sum` Worker #6][0m â•â•â•â•â•â•â•â•â•¡
ERROR:PYTHON:[32m[`__main__.my_sum` Worker #1][0m â•â•â•â•â•â•â•â•â•¡
ERROR:PYTHON:[32m[`__main__.my_sum` Worker #2][0m â”‚ Int64 â”‚
ERROR:PYTHON:[32m[`__main__.my_sum` Worker #5][0m â”‚ Int64 â”‚
ERROR:PYTHON:[32m[`__main__.my_sum` Worker #4][0m â”‚ Int64 â”‚
ERROR:PYTHON:[32m[`__main__.my_sum` Worker #10][0m â”‚ Int64 â”‚
ERROR:PYTHON:[32m[`__main__.my_sum` Worker #8][0m â”‚ Int64 â”‚
ERROR:PYTHON:[32m[`__main__.my_sum` Worker #11][0m â”‚ ---   â”‚
ERROR:PYTHON:[32m[`__main__.my_sum` Worker #3][0m â”‚ Int64 â”‚
ERROR:PYTHON:[32m[`__main__.my_sum` Worker #0][0m â”‚ Int64 â”‚
ERROR:PYTHON:[32m[`__main__.my_sum` Worker #6][0m â”‚ 6     â”‚
ERROR:PYTHON:[32m[`__main__.my_sum` Worker #1][0m â”‚ 1     â”‚
ERROR:PYTHON:[32m[`__main__.my_sum` Worker #2][0m â•â•â•â•â•â•â•â•â•¡
ERROR:PYTHON:[32m[`__main__.my_sum` Worker #5][0m â•â•â•â•â•â•â•â•â•¡
ERROR:PYTHON:[32m[`__main__.my_sum` Worker #4][0m â•â•â•â•â•â•â•â•â•¡
ERROR:PYTHON:[32m[`__main__.my_sum` Worker #10][0m â•â•â•â•â•â•â•â•â•¡
ERROR:PYTHON:[32m[`__main__.my_sum` Worker #8][0m â•â•â•â•â•â•â•â•â•¡
ERROR:PYTHON:[32m[`__main__.my_sum` Worker #11][0m â”‚ Int64 â”‚
ERROR:PYTHON:[32m[`__main__.my_sum` Worker #3][0m â•â•â•â•â•â•â•â•â•¡
ERROR:PYTHON:[32m[`__main__.my_sum` Worker #0][0m â•â•â•â•â•â•â•â•â•¡
ERROR:PYTHON:[32m[`__main__.my_sum` Worker #6][0m â•°â”€â”€â”€â”€â”€â”€â”€â•¯
ERROR:PYTHON:[32m[`__main__.my_sum` Worker #1][0m â•°â”€â”€â”€â”€â”€â”€â”€â•¯
ERROR:PYTHON:[32m[`__main__.my_sum` Worker #2][0m â”‚ 2     â”‚
ERROR:PYTHON:[32m[`__main__.my_sum` Worker #5][0m â”‚ 5     â”‚
ERROR:PYTHON:[32m[`__main__.my_sum` Worker #4][0m â”‚ 4     â”‚
ERROR:PYTHON:[32m[`__main__.my_sum` Worker #10][0m â”‚ 10    â”‚
ERROR:PYTHON:[32m[`__main__.my_sum` Worker #8][0m â”‚ 8     â”‚
ERROR:PYTHON:[32m[`__main__.my_sum` Worker #11][0m â•â•â•â•â•â•â•â•â•¡
ERROR:PYTHON:[32m[`__main__.my_sum` Worker #3][0m â”‚ 3     â”‚
ERROR:PYTHON:[32m[`__main__.my_sum` Worker #0][0m â”‚ 0     â”‚
ERROR:PYTHON:[32m[`__main__.my_sum` Worker #6][0m )
ERROR:PYTHON:[32m[`__main__.my_sum` Worker #1][0m )
ERROR:PYTHON:[32m[`__main__.my_sum` Worker #2][0m â•°â”€â”€â”€â”€â”€â”€â”€â•¯
ERROR:PYTHON:[32m[`__main__.my_sum` Worker #5][0m â•°â”€â”€â”€â”€â”€â”€â”€â•¯
ERROR:PYTHON:[32m[`__main__.my_sum` Worker #10][0m â•°â”€â”€â”€â”€â”€â”€â”€â•¯
ERROR:PYTHON:[32m[`__main__.my_sum` Worker #4][0m â•°â”€â”€â”€â”€â”€â”€â”€â•¯
ERROR:PYTHON:[32m[`__main__.my_sum` Worker #8][0m â•°â”€â”€â”€â”€â”€â”€â”€â•¯
ERROR:PYTHON:[32m[`__main__.my_sum` Worker #11][0m â”‚ 11    â”‚
ERROR:PYTHON:[32m[`__main__.my_sum` Worker #3][0m â•°â”€â”€â”€â”€â”€â”€â”€â•¯
ERROR:PYTHON:[32m[`__main__.my_sum` Worker #0][0m â•°â”€â”€â”€â”€â”€â”€â”€â•¯
ERROR:PYTHON:[32m[`__main__.my_sum` Worker #2][0m )
ERROR:PYTHON:[32m[`__main__.my_sum` Worker #5][0m )
ERROR:PYTHON:[32m[`__main__.my_sum` Worker #10][0m )
ERROR:PYTHON:[32m[`__main__.my_sum` Worker #4][0m )
ERROR:PYTHON:[32m[`__main__.my_sum` Worker #8][0m )
ERROR:PYTHON:[32m[`__main__.my_sum` Worker #11][0m â•°â”€â”€â”€â”€â”€â”€â”€â•¯
ERROR:PYTHON:[32m[`__main__.my_sum` Worker #3][0m )
ERROR:PYTHON:[32m[`__main__.my_sum` Worker #0][0m )
ERROR:PYTHON:[32m[`__main__.my_sum` Worker #11][0m )
ERROR:PYTHON:[32m[`__main__.my_sum` Worker #1][0m
ERROR:PYTHON:[32m[`__main__.my_sum` Worker #1][0m my_sum(â•­â”€â”€â”€â”€â”€â”€â”€â•®
ERROR:PYTHON:[32m[`__main__.my_sum` Worker #1][0m â”‚ id    â”‚
ERROR:PYTHON:[32m[`__main__.my_sum` Worker #1][0m â”‚ ---   â”‚
ERROR:PYTHON:[32m[`__main__.my_sum` Worker #1][0m â”‚ Int64 â”‚
ERROR:PYTHON:[32m[`__main__.my_sum` Worker #1][0m â•â•â•â•â•â•â•â•â•¡
ERROR:PYTHON:[32m[`__main__.my_sum` Worker #1][0m â”‚ 13    â”‚
ERROR:PYTHON:[32m[`__main__.my_sum` Worker #1][0m â•°â”€â”€â”€â”€â”€â”€â”€â•¯
ERROR:PYTHON:[32m[`__main__.my_sum` Worker #1][0m )
ERROR:PYTHON:[32m[`__main__.my_sum` Worker #2][0m
ERROR:PYTHON:[32m[`__main__.my_sum` Worker #2][0m my_sum(â•­â”€â”€â”€â”€â”€â”€â”€â•®
ERROR:PYTHON:[32m[`__main__.my_sum` Worker #9][0m
ERROR:PYTHON:[32m[`__main__.my_sum` Worker #9][0m my_sum(â•­â”€â”€â”€â”€â”€â”€â”€â•®
ERROR:PYTHON:[32m[`__main__.my_sum` Worker #0][0m
ERROR:PYTHON:[32m[`__main__.my_sum` Worker #9][0m â”‚ id    â”‚
ERROR:PYTHON:[32m[`__main__.my_sum` Worker #2][0m â”‚ id    â”‚
ERROR:PYTHON:[32m[`__main__.my_sum` Worker #0][0m my_sum(â•­â”€â”€â”€â”€â”€â”€â”€â•®
ERROR:PYTHON:[32m[`__main__.my_sum` Worker #9][0m â”‚ ---   â”‚
ERROR:PYTHON:[32m[`__main__.my_sum` Worker #2][0m â”‚ ---   â”‚
ERROR:PYTHON:[32m[`__main__.my_sum` Worker #5][0m
ERROR:PYTHON:[32m[`__main__.my_sum` Worker #8][0m
ERROR:PYTHON:[32m[`__main__.my_sum` Worker #9][0m â”‚ Int64 â”‚
ERROR:PYTHON:[32m[`__main__.my_sum` Worker #0][0m â”‚ id    â”‚
ERROR:PYTHON:[32m[`__main__.my_sum` Worker #2][0m â”‚ Int64 â”‚
ERROR:PYTHON:[32m[`__main__.my_sum` Worker #5][0m my_sum(â•­â”€â”€â”€â”€â”€â”€â”€â•®
ERROR:PYTHON:[32m[`__main__.my_sum` Worker #3][0m
ERROR:PYTHON:[32m[`__main__.my_sum` Worker #8][0m my_sum(â•­â”€â”€â”€â”€â”€â”€â”€â•®
ERROR:PYTHON:[32m[`__main__.my_sum` Worker #9][0m â•â•â•â•â•â•â•â•â•¡
ERROR:PYTHON:[32m[`__main__.my_sum` Worker #7][0m
ERROR:PYTHON:[32m[`__main__.my_sum` Worker #0][0m â”‚ ---   â”‚
ERROR:PYTHON:[32m[`__main__.my_sum` Worker #2][0m â•â•â•â•â•â•â•â•â•¡
ERROR:PYTHON:[32m[`__main__.my_sum` Worker #4][0m
ERROR:PYTHON:[32m[`__main__.my_sum` Worker #5][0m â”‚ id    â”‚
ERROR:PYTHON:[32m[`__main__.my_sum` Worker #3][0m my_sum(â•­â”€â”€â”€â”€â”€â”€â”€â•®
ERROR:PYTHON:[32m[`__main__.my_sum` Worker #8][0m â”‚ id    â”‚
ERROR:PYTHON:[32m[`__main__.my_sum` Worker #9][0m â”‚ 21    â”‚
ERROR:PYTHON:[32m[`__main__.my_sum` Worker #7][0m my_sum(â•­â”€â”€â”€â”€â”€â”€â”€â•®
ERROR:PYTHON:[32m[`__main__.my_sum` Worker #0][0m â”‚ Int64 â”‚
ERROR:PYTHON:[32m[`__main__.my_sum` Worker #2][0m â”‚ 14    â”‚
ERROR:PYTHON:[32m[`__main__.my_sum` Worker #6][0m
ERROR:PYTHON:[32m[`__main__.my_sum` Worker #4][0m my_sum(â•­â”€â”€â”€â”€â”€â”€â”€â•®
ERROR:PYTHON:[32m[`__main__.my_sum` Worker #11][0m
ERROR:PYTHON:[32m[`__main__.my_sum` Worker #5][0m â”‚ ---   â”‚
ERROR:PYTHON:[32m[`__main__.my_sum` Worker #3][0m â”‚ id    â”‚
ERROR:PYTHON:[32m[`__main__.my_sum` Worker #8][0m â”‚ ---   â”‚
ERROR:PYTHON:[32m[`__main__.my_sum` Worker #9][0m â•°â”€â”€â”€â”€â”€â”€â”€â•¯
ERROR:PYTHON:[32m[`__main__.my_sum` Worker #7][0m â”‚ id    â”‚
ERROR:PYTHON:[32m[`__main__.my_sum` Worker #0][0m â•â•â•â•â•â•â•â•â•¡
ERROR:PYTHON:[32m[`__main__.my_sum` Worker #2][0m â•°â”€â”€â”€â”€â”€â”€â”€â•¯
ERROR:PYTHON:[32m[`__main__.my_sum` Worker #6][0m my_sum(â•­â”€â”€â”€â”€â”€â”€â”€â•®
ERROR:PYTHON:[32m[`__main__.my_sum` Worker #4][0m â”‚ id    â”‚
ERROR:PYTHON:[32m[`__main__.my_sum` Worker #11][0m my_sum(â•­â”€â”€â”€â”€â”€â”€â”€â•®
ERROR:PYTHON:[32m[`__main__.my_sum` Worker #5][0m â”‚ Int64 â”‚
ERROR:PYTHON:[32m[`__main__.my_sum` Worker #3][0m â”‚ ---   â”‚
ERROR:PYTHON:[32m[`__main__.my_sum` Worker #9][0m )
ERROR:PYTHON:[32m[`__main__.my_sum` Worker #8][0m â”‚ Int64 â”‚
ERROR:PYTHON:[32m[`__main__.my_sum` Worker #7][0m â”‚ ---   â”‚
ERROR:PYTHON:[32m[`__main__.my_sum` Worker #0][0m â”‚ 12    â”‚
ERROR:PYTHON:[32m[`__main__.my_sum` Worker #2][0m )
ERROR:PYTHON:[32m[`__main__.my_sum` Worker #6][0m â”‚ id    â”‚
ERROR:PYTHON:[32m[`__main__.my_sum` Worker #4][0m â”‚ ---   â”‚
ERROR:PYTHON:[32m[`__main__.my_sum` Worker #11][0m â”‚ id    â”‚
ERROR:PYTHON:[32m[`__main__.my_sum` Worker #5][0m â•â•â•â•â•â•â•â•â•¡
ERROR:PYTHON:[32m[`__main__.my_sum` Worker #3][0m â”‚ Int64 â”‚
ERROR:PYTHON:[32m[`__main__.my_sum` Worker #10][0m
ERROR:PYTHON:[32m[`__main__.my_sum` Worker #8][0m â•â•â•â•â•â•â•â•â•¡
ERROR:PYTHON:[32m[`__main__.my_sum` Worker #7][0m â”‚ Int64 â”‚
ERROR:PYTHON:[32m[`__main__.my_sum` Worker #0][0m â•°â”€â”€â”€â”€â”€â”€â”€â•¯
ERROR:PYTHON:[32m[`__main__.my_sum` Worker #6][0m â”‚ ---   â”‚
ERROR:PYTHON:[32m[`__main__.my_sum` Worker #4][0m â”‚ Int64 â”‚
ERROR:PYTHON:[32m[`__main__.my_sum` Worker #5][0m â”‚ 17    â”‚
ERROR:PYTHON:[32m[`__main__.my_sum` Worker #3][0m â•â•â•â•â•â•â•â•â•¡
ERROR:PYTHON:[32m[`__main__.my_sum` Worker #11][0m â”‚ ---   â”‚
ERROR:PYTHON:[32m[`__main__.my_sum` Worker #10][0m my_sum(â•­â”€â”€â”€â”€â”€â”€â”€â•®
ERROR:PYTHON:[32m[`__main__.my_sum` Worker #8][0m â”‚ 20    â”‚
ERROR:PYTHON:[32m[`__main__.my_sum` Worker #7][0m â•â•â•â•â•â•â•â•â•¡
ERROR:PYTHON:[32m[`__main__.my_sum` Worker #0][0m )
ERROR:PYTHON:[32m[`__main__.my_sum` Worker #6][0m â”‚ Int64 â”‚
ERROR:PYTHON:[32m[`__main__.my_sum` Worker #4][0m â•â•â•â•â•â•â•â•â•¡
ERROR:PYTHON:[32m[`__main__.my_sum` Worker #5][0m â•°â”€â”€â”€â”€â”€â”€â”€â•¯
ERROR:PYTHON:[32m[`__main__.my_sum` Worker #3][0m â”‚ 15    â”‚
ERROR:PYTHON:[32m[`__main__.my_sum` Worker #11][0m â”‚ Int64 â”‚
ERROR:PYTHON:[32m[`__main__.my_sum` Worker #10][0m â”‚ id    â”‚
ERROR:PYTHON:[32m[`__main__.my_sum` Worker #8][0m â•°â”€â”€â”€â”€â”€â”€â”€â•¯
ERROR:PYTHON:[32m[`__main__.my_sum` Worker #7][0m â”‚ 19    â”‚
ERROR:PYTHON:[32m[`__main__.my_sum` Worker #6][0m â•â•â•â•â•â•â•â•â•¡
ERROR:PYTHON:[32m[`__main__.my_sum` Worker #4][0m â”‚ 16    â”‚
ERROR:PYTHON:[32m[`__main__.my_sum` Worker #5][0m )
ERROR:PYTHON:[32m[`__main__.my_sum` Worker #3][0m â•°â”€â”€â”€â”€â”€â”€â”€â•¯
ERROR:PYTHON:[32m[`__main__.my_sum` Worker #11][0m â•â•â•â•â•â•â•â•â•¡
ERROR:PYTHON:[32m[`__main__.my_sum` Worker #10][0m â”‚ ---   â”‚
ERROR:PYTHON:[32m[`__main__.my_sum` Worker #8][0m )
ERROR:PYTHON:[32m[`__main__.my_sum` Worker #7][0m â•°â”€â”€â”€â”€â”€â”€â”€â•¯
ERROR:PYTHON:[32m[`__main__.my_sum` Worker #6][0m â”‚ 18    â”‚
ERROR:PYTHON:[32m[`__main__.my_sum` Worker #4][0m â•°â”€â”€â”€â”€â”€â”€â”€â•¯
ERROR:PYTHON:[32m[`__main__.my_sum` Worker #3][0m )
ERROR:PYTHON:[32m[`__main__.my_sum` Worker #11][0m â”‚ 23    â”‚
ERROR:PYTHON:[32m[`__main__.my_sum` Worker #10][0m â”‚ Int64 â”‚
ERROR:PYTHON:[32m[`__main__.my_sum` Worker #7][0m )
ERROR:PYTHON:[32m[`__main__.my_sum` Worker #6][0m â•°â”€â”€â”€â”€â”€â”€â”€â•¯
ERROR:PYTHON:[32m[`__main__.my_sum` Worker #4][0m )
ERROR:PYTHON:[32m[`__main__.my_sum` Worker #11][0m â•°â”€â”€â”€â”€â”€â”€â”€â•¯
ERROR:PYTHON:[32m[`__main__.my_sum` Worker #10][0m â•â•â•â•â•â•â•â•â•¡
ERROR:PYTHON:[32m[`__main__.my_sum` Worker #6][0m )
ERROR:PYTHON:[32m[`__main__.my_sum` Worker #11][0m )
ERROR:PYTHON:[32m[`__main__.my_sum` Worker #10][0m â”‚ 22    â”‚
ERROR:PYTHON:[32m[`__main__.my_sum` Worker #10][0m â•°â”€â”€â”€â”€â”€â”€â”€â•¯
ERROR:PYTHON:[32m[`__main__.my_sum` Worker #10][0m )
ERROR:PYTHON:[32m[`__main__.my_sum` Worker #1][0m
ERROR:PYTHON:[32m[`__main__.my_sum` Worker #1][0m my_sum(â•­â”€â”€â”€â”€â”€â”€â”€â•®
ERROR:PYTHON:[32m[`__main__.my_sum` Worker #1][0m â”‚ id    â”‚
ERROR:PYTHON:[32m[`__main__.my_sum` Worker #1][0m â”‚ ---   â”‚
ERROR:PYTHON:[32m[`__main__.my_sum` Worker #1][0m â”‚ Int64 â”‚
ERROR:PYTHON:[32m[`__main__.my_sum` Worker #1][0m â•â•â•â•â•â•â•â•â•¡
ERROR:PYTHON:[32m[`__main__.my_sum` Worker #1][0m â”‚ 25    â”‚
ERROR:PYTHON:[32m[`__main__.my_sum` Worker #1][0m â•°â”€â”€â”€â”€â”€â”€â”€â•¯
ERROR:PYTHON:[32m[`__main__.my_sum` Worker #1][0m )
ERROR:PYTHON:[32m[`__main__.my_sum` Worker #5][0m
ERROR:PYTHON:[32m[`__main__.my_sum` Worker #5][0m my_sum(â•­â”€â”€â”€â”€â”€â”€â”€â•®
ERROR:PYTHON:[32m[`__main__.my_sum` Worker #5][0m â”‚ id    â”‚
ERROR:PYTHON:[32m[`__main__.my_sum` Worker #5][0m â”‚ ---   â”‚
ERROR:PYTHON:[32m[`__main__.my_sum` Worker #5][0m â”‚ Int64 â”‚
ERROR:PYTHON:[32m[`__main__.my_sum` Worker #5][0m â•â•â•â•â•â•â•â•â•¡
ERROR:PYTHON:[32m[`__main__.my_sum` Worker #5][0m â”‚ 29    â”‚
ERROR:PYTHON:[32m[`__main__.my_sum` Worker #5][0m â•°â”€â”€â”€â”€â”€â”€â”€â•¯
ERROR:PYTHON:[32m[`__main__.my_sum` Worker #5][0m )
ERROR:PYTHON:[32m[`__main__.my_sum` Worker #2][0m
ERROR:PYTHON:[32m[`__main__.my_sum` Worker #2][0m my_sum(â•­â”€â”€â”€â”€â”€â”€â”€â•®
ERROR:PYTHON:[32m[`__main__.my_sum` Worker #2][0m â”‚ id    â”‚
ERROR:PYTHON:[32m[`__main__.my_sum` Worker #2][0m â”‚ ---   â”‚
ERROR:PYTHON:[32m[`__main__.my_sum` Worker #2][0m â”‚ Int64 â”‚
ERROR:PYTHON:[32m[`__main__.my_sum` Worker #2][0m â•â•â•â•â•â•â•â•â•¡
ERROR:PYTHON:[32m[`__main__.my_sum` Worker #2][0m â”‚ 26    â”‚
ERROR:PYTHON:[32m[`__main__.my_sum` Worker #2][0m â•°â”€â”€â”€â”€â”€â”€â”€â•¯
ERROR:PYTHON:[32m[`__main__.my_sum` Worker #2][0m )
ERROR:PYTHON:[32m[`__main__.my_sum` Worker #0][0m
ERROR:PYTHON:[32m[`__main__.my_sum` Worker #0][0m my_sum(â•­â”€â”€â”€â”€â”€â”€â”€â•®
ERROR:PYTHON:[32m[`__main__.my_sum` Worker #0][0m â”‚ id    â”‚
ERROR:PYTHON:[32m[`__main__.my_sum` Worker #0][0m â”‚ ---   â”‚
ERROR:PYTHON:[32m[`__main__.my_sum` Worker #0][0m â”‚ Int64 â”‚
ERROR:PYTHON:[32m[`__main__.my_sum` Worker #0][0m â•â•â•â•â•â•â•â•â•¡
ERROR:PYTHON:[32m[`__main__.my_sum` Worker #0][0m â”‚ 24    â”‚
ERROR:PYTHON:[32m[`__main__.my_sum` Worker #0][0m â•°â”€â”€â”€â”€â”€â”€â”€â•¯
ERROR:PYTHON:[32m[`__main__.my_sum` Worker #0][0m )
ERROR:PYTHON:[32m[`__main__.my_sum` Worker #6][0m
ERROR:PYTHON:[32m[`__main__.my_sum` Worker #6][0m my_sum(â•­â”€â”€â”€â”€â”€â”€â”€â•®
ERROR:PYTHON:[32m[`__main__.my_sum` Worker #6][0m â”‚ id    â”‚
ERROR:PYTHON:[32m[`__main__.my_sum` Worker #6][0m â”‚ ---   â”‚
ERROR:PYTHON:[32m[`__main__.my_sum` Worker #6][0m â”‚ Int64 â”‚
ERROR:PYTHON:[32m[`__main__.my_sum` Worker #6][0m â•â•â•â•â•â•â•â•â•¡
ERROR:PYTHON:[32m[`__main__.my_sum` Worker #6][0m â”‚ 30    â”‚
ERROR:PYTHON:[32m[`__main__.my_sum` Worker #6][0m â•°â”€â”€â”€â”€â”€â”€â”€â•¯
ERROR:PYTHON:[32m[`__main__.my_sum` Worker #10][0m
ERROR:PYTHON:[32m[`__main__.my_sum` Worker #3][0m
ERROR:PYTHON:[32m[`__main__.my_sum` Worker #6][0m )
ERROR:PYTHON:[32m[`__main__.my_sum` Worker #10][0m my_sum(â•­â”€â”€â”€â”€â”€â”€â”€â•®
ERROR:PYTHON:[32m[`__main__.my_sum` Worker #3][0m my_sum(â•­â”€â”€â”€â”€â”€â”€â”€â•®
ERROR:PYTHON:[32m[`__main__.my_sum` Worker #10][0m â”‚ id    â”‚
ERROR:PYTHON:[32m[`__main__.my_sum` Worker #4][0m
ERROR:PYTHON:[32m[`__main__.my_sum` Worker #3][0m â”‚ id    â”‚
ERROR:PYTHON:[32m[`__main__.my_sum` Worker #10][0m â”‚ ---   â”‚
ERROR:PYTHON:[32m[`__main__.my_sum` Worker #4][0m my_sum(â•­â”€â”€â”€â”€â”€â”€â”€â•®
ERROR:PYTHON:[32m[`__main__.my_sum` Worker #7][0m
ERROR:PYTHON:[32m[`__main__.my_sum` Worker #11][0m
ERROR:PYTHON:[32m[`__main__.my_sum` Worker #3][0m â”‚ ---   â”‚
ERROR:PYTHON:[32m[`__main__.my_sum` Worker #10][0m â”‚ Int64 â”‚
ERROR:PYTHON:[32m[`__main__.my_sum` Worker #9][0m
ERROR:PYTHON:[32m[`__main__.my_sum` Worker #4][0m â”‚ id    â”‚
ERROR:PYTHON:[32m[`__main__.my_sum` Worker #7][0m my_sum(â•­â”€â”€â”€â”€â”€â”€â”€â•®
ERROR:PYTHON:[32m[`__main__.my_sum` Worker #11][0m my_sum(â•­â”€â”€â”€â”€â”€â”€â”€â•®
ERROR:PYTHON:[32m[`__main__.my_sum` Worker #3][0m â”‚ Int64 â”‚
ERROR:PYTHON:[32m[`__main__.my_sum` Worker #10][0m â•â•â•â•â•â•â•â•â•¡
ERROR:PYTHON:[32m[`__main__.my_sum` Worker #9][0m my_sum(â•­â”€â”€â”€â”€â”€â”€â”€â•®
ERROR:PYTHON:[32m[`__main__.my_sum` Worker #4][0m â”‚ ---   â”‚
ERROR:PYTHON:[32m[`__main__.my_sum` Worker #7][0m â”‚ id    â”‚
ERROR:PYTHON:[32m[`__main__.my_sum` Worker #11][0m â”‚ id    â”‚
ERROR:PYTHON:[32m[`__main__.my_sum` Worker #3][0m â•â•â•â•â•â•â•â•â•¡
ERROR:PYTHON:[32m[`__main__.my_sum` Worker #10][0m â”‚ 34    â”‚
ERROR:PYTHON:[32m[`__main__.my_sum` Worker #9][0m â”‚ id    â”‚
ERROR:PYTHON:[32m[`__main__.my_sum` Worker #4][0m â”‚ Int64 â”‚
ERROR:PYTHON:[32m[`__main__.my_sum` Worker #7][0m â”‚ ---   â”‚
ERROR:PYTHON:[32m[`__main__.my_sum` Worker #11][0m â”‚ ---   â”‚
ERROR:PYTHON:[32m[`__main__.my_sum` Worker #3][0m â”‚ 27    â”‚
ERROR:PYTHON:[32m[`__main__.my_sum` Worker #10][0m â•°â”€â”€â”€â”€â”€â”€â”€â•¯
ERROR:PYTHON:[32m[`__main__.my_sum` Worker #9][0m â”‚ ---   â”‚
ERROR:PYTHON:[32m[`__main__.my_sum` Worker #4][0m â•â•â•â•â•â•â•â•â•¡
ERROR:PYTHON:[32m[`__main__.my_sum` Worker #7][0m â”‚ Int64 â”‚
ERROR:PYTHON:[32m[`__main__.my_sum` Worker #11][0m â”‚ Int64 â”‚
ERROR:PYTHON:[32m[`__main__.my_sum` Worker #3][0m â•°â”€â”€â”€â”€â”€â”€â”€â•¯
ERROR:PYTHON:[32m[`__main__.my_sum` Worker #10][0m )
ERROR:PYTHON:[32m[`__main__.my_sum` Worker #9][0m â”‚ Int64 â”‚
ERROR:PYTHON:[32m[`__main__.my_sum` Worker #4][0m â”‚ 28    â”‚
ERROR:PYTHON:[32m[`__main__.my_sum` Worker #7][0m â•â•â•â•â•â•â•â•â•¡
ERROR:PYTHON:[32m[`__main__.my_sum` Worker #3][0m )
ERROR:PYTHON:[32m[`__main__.my_sum` Worker #11][0m â•â•â•â•â•â•â•â•â•¡
ERROR:PYTHON:[32m[`__main__.my_sum` Worker #9][0m â•â•â•â•â•â•â•â•â•¡
ERROR:PYTHON:[32m[`__main__.my_sum` Worker #4][0m â•°â”€â”€â”€â”€â”€â”€â”€â•¯
ERROR:PYTHON:[32m[`__main__.my_sum` Worker #4][0m )
ERROR:PYTHON:[32m[`__main__.my_sum` Worker #11][0m â”‚ 35    â”‚
ERROR:PYTHON:[32m[`__main__.my_sum` Worker #9][0m â”‚ 33    â”‚
ERROR:PYTHON:[32m[`__main__.my_sum` Worker #7][0m â”‚ 31    â”‚
ERROR:PYTHON:[32m[`__main__.my_sum` Worker #11][0m â•°â”€â”€â”€â”€â”€â”€â”€â•¯
ERROR:PYTHON:[32m[`__main__.my_sum` Worker #9][0m â•°â”€â”€â”€â”€â”€â”€â”€â•¯
ERROR:PYTHON:[32m[`__main__.my_sum` Worker #7][0m â•°â”€â”€â”€â”€â”€â”€â”€â•¯
ERROR:PYTHON:[32m[`__main__.my_sum` Worker #11][0m )
ERROR:PYTHON:[32m[`__main__.my_sum` Worker #7][0m )
ERROR:PYTHON:[32m[`__main__.my_sum` Worker #9][0m )
ERROR:PYTHON:[32m[`__main__.my_sum` Worker #8][0m
ERROR:PYTHON:[32m[`__main__.my_sum` Worker #8][0m my_sum(â•­â”€â”€â”€â”€â”€â”€â”€â•®
ERROR:PYTHON:[32m[`__main__.my_sum` Worker #8][0m â”‚ id    â”‚
ERROR:PYTHON:[32m[`__main__.my_sum` Worker #8][0m â”‚ ---   â”‚
ERROR:PYTHON:[32m[`__main__.my_sum` Worker #8][0m â”‚ Int64 â”‚
ERROR:PYTHON:[32m[`__main__.my_sum` Worker #8][0m â•â•â•â•â•â•â•â•â•¡
ERROR:PYTHON:[32m[`__main__.my_sum` Worker #8][0m â”‚ 32    â”‚
ERROR:PYTHON:[32m[`__main__.my_sum` Worker #8][0m â•°â”€â”€â”€â”€â”€â”€â”€â•¯
ERROR:PYTHON:[32m[`__main__.my_sum` Worker #8][0m )
ERROR:PYTHON:[32m[`__main__.my_sum` Worker #1][0m
ERROR:PYTHON:[32m[`__main__.my_sum` Worker #1][0m my_sum(â•­â”€â”€â”€â”€â”€â”€â”€â•®
ERROR:PYTHON:[32m[`__main__.my_sum` Worker #1][0m â”‚ id    â”‚
ERROR:PYTHON:[32m[`__main__.my_sum` Worker #1][0m â”‚ ---   â”‚
ERROR:PYTHON:[32m[`__main__.my_sum` Worker #1][0m â”‚ Int64 â”‚
ERROR:PYTHON:[32m[`__main__.my_sum` Worker #1][0m â•â•â•â•â•â•â•â•â•¡
ERROR:PYTHON:[32m[`__main__.my_sum` Worker #1][0m â”‚ 37    â”‚
ERROR:PYTHON:[32m[`__main__.my_sum` Worker #1][0m â•°â”€â”€â”€â”€â”€â”€â”€â•¯
ERROR:PYTHON:[32m[`__main__.my_sum` Worker #1][0m )
ERROR:PYTHON:[32m[`__main__.my_sum` Worker #0][0m
ERROR:PYTHON:[32m[`__main__.my_sum` Worker #0][0m my_sum(â•­â”€â”€â”€â”€â”€â”€â”€â•®
ERROR:PYTHON:[32m[`__main__.my_sum` Worker #0][0m â”‚ id    â”‚
ERROR:PYTHON:[32m[`__main__.my_sum` Worker #0][0m â”‚ ---   â”‚
ERROR:PYTHON:[32m[`__main__.my_sum` Worker #0][0m â”‚ Int64 â”‚
ERROR:PYTHON:[32m[`__main__.my_sum` Worker #0][0m â•â•â•â•â•â•â•â•â•¡
ERROR:PYTHON:[32m[`__main__.my_sum` Worker #0][0m â”‚ 36    â”‚
ERROR:PYTHON:[32m[`__main__.my_sum` Worker #0][0m â•°â”€â”€â”€â”€â”€â”€â”€â•¯
ERROR:PYTHON:[32m[`__main__.my_sum` Worker #0][0m )
ERROR:PYTHON:[32m[`__main__.my_sum` Worker #2][0m
ERROR:PYTHON:[32m[`__main__.my_sum` Worker #2][0m my_sum(â•­â”€â”€â”€â”€â”€â”€â”€â•®
ERROR:PYTHON:[32m[`__main__.my_sum` Worker #2][0m â”‚ id    â”‚
ERROR:PYTHON:[32m[`__main__.my_sum` Worker #2][0m â”‚ ---   â”‚
ERROR:PYTHON:[32m[`__main__.my_sum` Worker #2][0m â”‚ Int64 â”‚
ERROR:PYTHON:[32m[`__main__.my_sum` Worker #2][0m â•â•â•â•â•â•â•â•â•¡
ERROR:PYTHON:[32m[`__main__.my_sum` Worker #2][0m â”‚ 38    â”‚
ERROR:PYTHON:[32m[`__main__.my_sum` Worker #2][0m â•°â”€â”€â”€â”€â”€â”€â”€â•¯
ERROR:PYTHON:[32m[`__main__.my_sum` Worker #2][0m )
ERROR:PYTHON:[32m[`__main__.my_sum` Worker #11][0m
ERROR:PYTHON:[32m[`__main__.my_sum` Worker #11][0m my_sum(â•­â”€â”€â”€â”€â”€â”€â”€â•®
ERROR:PYTHON:[32m[`__main__.my_sum` Worker #11][0m â”‚ id    â”‚
ERROR:PYTHON:[32m[`__main__.my_sum` Worker #11][0m â”‚ ---   â”‚
ERROR:PYTHON:[32m[`__main__.my_sum` Worker #11][0m â”‚ Int64 â”‚
ERROR:PYTHON:[32m[`__main__.my_sum` Worker #11][0m â•â•â•â•â•â•â•â•â•¡
ERROR:PYTHON:[32m[`__main__.my_sum` Worker #11][0m â”‚ 47    â”‚
ERROR:PYTHON:[32m[`__main__.my_sum` Worker #11][0m â•°â”€â”€â”€â”€â”€â”€â”€â•¯
ERROR:PYTHON:[32m[`__main__.my_sum` Worker #11][0m )
ERROR:PYTHON:[32m[`__main__.my_sum` Worker #9][0m
ERROR:PYTHON:[32m[`__main__.my_sum` Worker #9][0m my_sum(â•­â”€â”€â”€â”€â”€â”€â”€â•®
ERROR:PYTHON:[32m[`__main__.my_sum` Worker #10][0m
ERROR:PYTHON:[32m[`__main__.my_sum` Worker #5][0m
ERROR:PYTHON:[32m[`__main__.my_sum` Worker #9][0m â”‚ id    â”‚
ERROR:PYTHON:[32m[`__main__.my_sum` Worker #4][0m
ERROR:PYTHON:[32m[`__main__.my_sum` Worker #3][0m
ERROR:PYTHON:[32m[`__main__.my_sum` Worker #10][0m my_sum(â•­â”€â”€â”€â”€â”€â”€â”€â•®
ERROR:PYTHON:[32m[`__main__.my_sum` Worker #5][0m my_sum(â•­â”€â”€â”€â”€â”€â”€â”€â•®
ERROR:PYTHON:[32m[`__main__.my_sum` Worker #9][0m â”‚ ---   â”‚
ERROR:PYTHON:[32m[`__main__.my_sum` Worker #4][0m my_sum(â•­â”€â”€â”€â”€â”€â”€â”€â•®
ERROR:PYTHON:[32m[`__main__.my_sum` Worker #3][0m my_sum(â•­â”€â”€â”€â”€â”€â”€â”€â•®
ERROR:PYTHON:[32m[`__main__.my_sum` Worker #5][0m â”‚ id    â”‚
ERROR:PYTHON:[32m[`__main__.my_sum` Worker #6][0m
ERROR:PYTHON:[32m[`__main__.my_sum` Worker #10][0m â”‚ id    â”‚
ERROR:PYTHON:[32m[`__main__.my_sum` Worker #8][0m
ERROR:PYTHON:[32m[`__main__.my_sum` Worker #7][0m
ERROR:PYTHON:[32m[`__main__.my_sum` Worker #9][0m â”‚ Int64 â”‚
ERROR:PYTHON:[32m[`__main__.my_sum` Worker #4][0m â”‚ id    â”‚
ERROR:PYTHON:[32m[`__main__.my_sum` Worker #3][0m â”‚ id    â”‚
ERROR:PYTHON:[32m[`__main__.my_sum` Worker #5][0m â”‚ ---   â”‚
ERROR:PYTHON:[32m[`__main__.my_sum` Worker #6][0m my_sum(â•­â”€â”€â”€â”€â”€â”€â”€â•®
ERROR:PYTHON:[32m[`__main__.my_sum` Worker #10][0m â”‚ ---   â”‚
ERROR:PYTHON:[32m[`__main__.my_sum` Worker #8][0m my_sum(â•­â”€â”€â”€â”€â”€â”€â”€â•®
ERROR:PYTHON:[32m[`__main__.my_sum` Worker #7][0m my_sum(â•­â”€â”€â”€â”€â”€â”€â”€â•®
ERROR:PYTHON:[32m[`__main__.my_sum` Worker #9][0m â•â•â•â•â•â•â•â•â•¡
ERROR:PYTHON:[32m[`__main__.my_sum` Worker #4][0m â”‚ ---   â”‚
ERROR:PYTHON:[32m[`__main__.my_sum` Worker #3][0m â”‚ ---   â”‚
ERROR:PYTHON:[32m[`__main__.my_sum` Worker #5][0m â”‚ Int64 â”‚
ERROR:PYTHON:[32m[`__main__.my_sum` Worker #6][0m â”‚ id    â”‚
ERROR:PYTHON:[32m[`__main__.my_sum` Worker #10][0m â”‚ Int64 â”‚
ERROR:PYTHON:[32m[`__main__.my_sum` Worker #8][0m â”‚ id    â”‚
ERROR:PYTHON:[32m[`__main__.my_sum` Worker #7][0m â”‚ id    â”‚
ERROR:PYTHON:[32m[`__main__.my_sum` Worker #9][0m â”‚ 45    â”‚
ERROR:PYTHON:[32m[`__main__.my_sum` Worker #4][0m â”‚ Int64 â”‚
ERROR:PYTHON:[32m[`__main__.my_sum` Worker #3][0m â”‚ Int64 â”‚
ERROR:PYTHON:[32m[`__main__.my_sum` Worker #5][0m â•â•â•â•â•â•â•â•â•¡
ERROR:PYTHON:[32m[`__main__.my_sum` Worker #6][0m â”‚ ---   â”‚
ERROR:PYTHON:[32m[`__main__.my_sum` Worker #10][0m â•â•â•â•â•â•â•â•â•¡
ERROR:PYTHON:[32m[`__main__.my_sum` Worker #8][0m â”‚ ---   â”‚
ERROR:PYTHON:[32m[`__main__.my_sum` Worker #9][0m â•°â”€â”€â”€â”€â”€â”€â”€â•¯
ERROR:PYTHON:[32m[`__main__.my_sum` Worker #7][0m â”‚ ---   â”‚
ERROR:PYTHON:[32m[`__main__.my_sum` Worker #4][0m â•â•â•â•â•â•â•â•â•¡
ERROR:PYTHON:[32m[`__main__.my_sum` Worker #3][0m â•â•â•â•â•â•â•â•â•¡
ERROR:PYTHON:[32m[`__main__.my_sum` Worker #5][0m â”‚ 41    â”‚
ERROR:PYTHON:[32m[`__main__.my_sum` Worker #6][0m â”‚ Int64 â”‚
ERROR:PYTHON:[32m[`__main__.my_sum` Worker #10][0m â”‚ 46    â”‚
ERROR:PYTHON:[32m[`__main__.my_sum` Worker #8][0m â”‚ Int64 â”‚
ERROR:PYTHON:[32m[`__main__.my_sum` Worker #9][0m )
ERROR:PYTHON:[32m[`__main__.my_sum` Worker #7][0m â”‚ Int64 â”‚
ERROR:PYTHON:[32m[`__main__.my_sum` Worker #4][0m â”‚ 40    â”‚
ERROR:PYTHON:[32m[`__main__.my_sum` Worker #3][0m â”‚ 39    â”‚
ERROR:PYTHON:[32m[`__main__.my_sum` Worker #5][0m â•°â”€â”€â”€â”€â”€â”€â”€â•¯
ERROR:PYTHON:[32m[`__main__.my_sum` Worker #6][0m â•â•â•â•â•â•â•â•â•¡
ERROR:PYTHON:[32m[`__main__.my_sum` Worker #10][0m â•°â”€â”€â”€â”€â”€â”€â”€â•¯
ERROR:PYTHON:[32m[`__main__.my_sum` Worker #8][0m â•â•â•â•â•â•â•â•â•¡
ERROR:PYTHON:[32m[`__main__.my_sum` Worker #7][0m â•â•â•â•â•â•â•â•â•¡
ERROR:PYTHON:[32m[`__main__.my_sum` Worker #4][0m â•°â”€â”€â”€â”€â”€â”€â”€â•¯
ERROR:PYTHON:[32m[`__main__.my_sum` Worker #3][0m â•°â”€â”€â”€â”€â”€â”€â”€â•¯
ERROR:PYTHON:[32m[`__main__.my_sum` Worker #5][0m )
ERROR:PYTHON:[32m[`__main__.my_sum` Worker #6][0m â”‚ 42    â”‚
ERROR:PYTHON:[32m[`__main__.my_sum` Worker #10][0m )
ERROR:PYTHON:[32m[`__main__.my_sum` Worker #8][0m â”‚ 44    â”‚
ERROR:PYTHON:[32m[`__main__.my_sum` Worker #7][0m â”‚ 43    â”‚
ERROR:PYTHON:[32m[`__main__.my_sum` Worker #4][0m )
ERROR:PYTHON:[32m[`__main__.my_sum` Worker #3][0m )
ERROR:PYTHON:[32m[`__main__.my_sum` Worker #6][0m â•°â”€â”€â”€â”€â”€â”€â”€â•¯
ERROR:PYTHON:[32m[`__main__.my_sum` Worker #7][0m â•°â”€â”€â”€â”€â”€â”€â”€â•¯
ERROR:PYTHON:[32m[`__main__.my_sum` Worker #8][0m â•°â”€â”€â”€â”€â”€â”€â”€â•¯
ERROR:PYTHON:[32m[`__main__.my_sum` Worker #6][0m )
ERROR:PYTHON:[32m[`__main__.my_sum` Worker #7][0m )
ERROR:PYTHON:[32m[`__main__.my_sum` Worker #8][0m )
ERROR:PYTHON:[32m[`__main__.my_sum` Worker #1][0m
ERROR:PYTHON:[32m[`__main__.my_sum` Worker #1][0m my_sum(â•­â”€â”€â”€â”€â”€â”€â”€â•®
ERROR:PYTHON:[32m[`__main__.my_sum` Worker #1][0m â”‚ id    â”‚
ERROR:PYTHON:[32m[`__main__.my_sum` Worker #1][0m â”‚ ---   â”‚
ERROR:PYTHON:[32m[`__main__.my_sum` Worker #1][0m â”‚ Int64 â”‚
ERROR:PYTHON:[32m[`__main__.my_sum` Worker #1][0m â•â•â•â•â•â•â•â•â•¡
ERROR:PYTHON:[32m[`__main__.my_sum` Worker #1][0m â”‚ 49    â”‚
ERROR:PYTHON:[32m[`__main__.my_sum` Worker #1][0m â•°â”€â”€â”€â”€â”€â”€â”€â•¯
ERROR:PYTHON:[32m[`__main__.my_sum` Worker #1][0m )
ERROR:PYTHON:[32m[`__main__.my_sum` Worker #2][0m
ERROR:PYTHON:[32m[`__main__.my_sum` Worker #2][0m my_sum(â•­â”€â”€â”€â”€â”€â”€â”€â•®
ERROR:PYTHON:[32m[`__main__.my_sum` Worker #2][0m â”‚ id    â”‚
ERROR:PYTHON:[32m[`__main__.my_sum` Worker #2][0m â”‚ ---   â”‚
ERROR:PYTHON:[32m[`__main__.my_sum` Worker #2][0m â”‚ Int64 â”‚
ERROR:PYTHON:[32m[`__main__.my_sum` Worker #2][0m â•â•â•â•â•â•â•â•â•¡
ERROR:PYTHON:[32m[`__main__.my_sum` Worker #2][0m â”‚ 50    â”‚
ERROR:PYTHON:[32m[`__main__.my_sum` Worker #2][0m â•°â”€â”€â”€â”€â”€â”€â”€â•¯
ERROR:PYTHON:[32m[`__main__.my_sum` Worker #2][0m )
ERROR:PYTHON:[32m[`__main__.my_sum` Worker #0][0m
ERROR:PYTHON:[32m[`__main__.my_sum` Worker #0][0m my_sum(â•­â”€â”€â”€â”€â”€â”€â”€â•®
ERROR:PYTHON:[32m[`__main__.my_sum` Worker #0][0m â”‚ id    â”‚
ERROR:PYTHON:[32m[`__main__.my_sum` Worker #0][0m â”‚ ---   â”‚
ERROR:PYTHON:[32m[`__main__.my_sum` Worker #0][0m â”‚ Int64 â”‚
ERROR:PYTHON:[32m[`__main__.my_sum` Worker #0][0m â•â•â•â•â•â•â•â•â•¡
ERROR:PYTHON:[32m[`__main__.my_sum` Worker #0][0m â”‚ 48    â”‚
ERROR:PYTHON:[32m[`__main__.my_sum` Worker #0][0m â•°â”€â”€â”€â”€â”€â”€â”€â•¯
ERROR:PYTHON:[32m[`__main__.my_sum` Worker #0][0m )
ERROR:PYTHON:[32m[`__main__.my_sum` Worker #6][0m
ERROR:PYTHON:[32m[`__main__.my_sum` Worker #6][0m my_sum(â•­â”€â”€â”€â”€â”€â”€â”€â•®
ERROR:PYTHON:[32m[`__main__.my_sum` Worker #6][0m â”‚ id    â”‚
ERROR:PYTHON:[32m[`__main__.my_sum` Worker #6][0m â”‚ ---   â”‚
ERROR:PYTHON:[32m[`__main__.my_sum` Worker #6][0m â”‚ Int64 â”‚
ERROR:PYTHON:[32m[`__main__.my_sum` Worker #6][0m â•â•â•â•â•â•â•â•â•¡
ERROR:PYTHON:[32m[`__main__.my_sum` Worker #6][0m â”‚ 54    â”‚
ERROR:PYTHON:[32m[`__main__.my_sum` Worker #6][0m â•°â”€â”€â”€â”€â”€â”€â”€â•¯
ERROR:PYTHON:[32m[`__main__.my_sum` Worker #6][0m )
ERROR:PYTHON:[32m[`__main__.my_sum` Worker #9][0m
ERROR:PYTHON:[32m[`__main__.my_sum` Worker #9][0m my_sum(â•­â”€â”€â”€â”€â”€â”€â”€â•®
ERROR:PYTHON:[32m[`__main__.my_sum` Worker #9][0m â”‚ id    â”‚
ERROR:PYTHON:[32m[`__main__.my_sum` Worker #9][0m â”‚ ---   â”‚
ERROR:PYTHON:[32m[`__main__.my_sum` Worker #9][0m â”‚ Int64 â”‚
ERROR:PYTHON:[32m[`__main__.my_sum` Worker #9][0m â•â•â•â•â•â•â•â•â•¡
ERROR:PYTHON:[32m[`__main__.my_sum` Worker #9][0m â”‚ 57    â”‚
ERROR:PYTHON:[32m[`__main__.my_sum` Worker #9][0m â•°â”€â”€â”€â”€â”€â”€â”€â•¯
ERROR:PYTHON:[32m[`__main__.my_sum` Worker #8][0m
ERROR:PYTHON:[32m[`__main__.my_sum` Worker #3][0m
ERROR:PYTHON:[32m[`__main__.my_sum` Worker #9][0m )
ERROR:PYTHON:[32m[`__main__.my_sum` Worker #8][0m my_sum(â•­â”€â”€â”€â”€â”€â”€â”€â•®
ERROR:PYTHON:[32m[`__main__.my_sum` Worker #3][0m my_sum(â•­â”€â”€â”€â”€â”€â”€â”€â•®
ERROR:PYTHON:[32m[`__main__.my_sum` Worker #8][0m â”‚ id    â”‚
ERROR:PYTHON:[32m[`__main__.my_sum` Worker #3][0m â”‚ id    â”‚
ERROR:PYTHON:[32m[`__main__.my_sum` Worker #5][0m
ERROR:PYTHON:[32m[`__main__.my_sum` Worker #8][0m â”‚ ---   â”‚
ERROR:PYTHON:[32m[`__main__.my_sum` Worker #4][0m
ERROR:PYTHON:[32m[`__main__.my_sum` Worker #5][0m my_sum(â•­â”€â”€â”€â”€â”€â”€â”€â•®
ERROR:PYTHON:[32m[`__main__.my_sum` Worker #8][0m â”‚ Int64 â”‚
ERROR:PYTHON:[32m[`__main__.my_sum` Worker #3][0m â”‚ ---   â”‚
ERROR:PYTHON:[32m[`__main__.my_sum` Worker #4][0m my_sum(â•­â”€â”€â”€â”€â”€â”€â”€â•®
ERROR:PYTHON:[32m[`__main__.my_sum` Worker #5][0m â”‚ id    â”‚
ERROR:PYTHON:[32m[`__main__.my_sum` Worker #7][0m
ERROR:PYTHON:[32m[`__main__.my_sum` Worker #8][0m â•â•â•â•â•â•â•â•â•¡
ERROR:PYTHON:[32m[`__main__.my_sum` Worker #4][0m â”‚ id    â”‚
ERROR:PYTHON:[32m[`__main__.my_sum` Worker #11][0m
ERROR:PYTHON:[32m[`__main__.my_sum` Worker #5][0m â”‚ ---   â”‚
ERROR:PYTHON:[32m[`__main__.my_sum` Worker #3][0m â”‚ Int64 â”‚
ERROR:PYTHON:[32m[`__main__.my_sum` Worker #7][0m my_sum(â•­â”€â”€â”€â”€â”€â”€â”€â•®
ERROR:PYTHON:[32m[`__main__.my_sum` Worker #8][0m â”‚ 56    â”‚
ERROR:PYTHON:[32m[`__main__.my_sum` Worker #4][0m â”‚ ---   â”‚
ERROR:PYTHON:[32m[`__main__.my_sum` Worker #5][0m â”‚ Int64 â”‚
ERROR:PYTHON:[32m[`__main__.my_sum` Worker #11][0m my_sum(â•­â”€â”€â”€â”€â”€â”€â”€â•®
ERROR:PYTHON:[32m[`__main__.my_sum` Worker #3][0m â•â•â•â•â•â•â•â•â•¡
ERROR:PYTHON:[32m[`__main__.my_sum` Worker #7][0m â”‚ id    â”‚
ERROR:PYTHON:[32m[`__main__.my_sum` Worker #8][0m â•°â”€â”€â”€â”€â”€â”€â”€â•¯
ERROR:PYTHON:[32m[`__main__.my_sum` Worker #4][0m â”‚ Int64 â”‚
ERROR:PYTHON:[32m[`__main__.my_sum` Worker #5][0m â•â•â•â•â•â•â•â•â•¡
ERROR:PYTHON:[32m[`__main__.my_sum` Worker #11][0m â”‚ id    â”‚
ERROR:PYTHON:[32m[`__main__.my_sum` Worker #3][0m â”‚ 51    â”‚
ERROR:PYTHON:[32m[`__main__.my_sum` Worker #7][0m â”‚ ---   â”‚
ERROR:PYTHON:[32m[`__main__.my_sum` Worker #8][0m )
ERROR:PYTHON:[32m[`__main__.my_sum` Worker #4][0m â•â•â•â•â•â•â•â•â•¡
ERROR:PYTHON:[32m[`__main__.my_sum` Worker #11][0m â”‚ ---   â”‚
ERROR:PYTHON:[32m[`__main__.my_sum` Worker #5][0m â”‚ 53    â”‚
ERROR:PYTHON:[32m[`__main__.my_sum` Worker #3][0m â•°â”€â”€â”€â”€â”€â”€â”€â•¯
ERROR:PYTHON:[32m[`__main__.my_sum` Worker #7][0m â”‚ Int64 â”‚
ERROR:PYTHON:[32m[`__main__.my_sum` Worker #4][0m â”‚ 52    â”‚
ERROR:PYTHON:[32m[`__main__.my_sum` Worker #11][0m â”‚ Int64 â”‚
ERROR:PYTHON:[32m[`__main__.my_sum` Worker #5][0m â•°â”€â”€â”€â”€â”€â”€â”€â•¯
ERROR:PYTHON:[32m[`__main__.my_sum` Worker #3][0m )
ERROR:PYTHON:[32m[`__main__.my_sum` Worker #7][0m â•â•â•â•â•â•â•â•â•¡
ERROR:PYTHON:[32m[`__main__.my_sum` Worker #4][0m â•°â”€â”€â”€â”€â”€â”€â”€â•¯
ERROR:PYTHON:[32m[`__main__.my_sum` Worker #11][0m â•â•â•â•â•â•â•â•â•¡
ERROR:PYTHON:[32m[`__main__.my_sum` Worker #5][0m )
ERROR:PYTHON:[32m[`__main__.my_sum` Worker #4][0m )
ERROR:PYTHON:[32m[`__main__.my_sum` Worker #7][0m â”‚ 55    â”‚
ERROR:PYTHON:[32m[`__main__.my_sum` Worker #11][0m â”‚ 59    â”‚
ERROR:PYTHON:[32m[`__main__.my_sum` Worker #10][0m
ERROR:PYTHON:[32m[`__main__.my_sum` Worker #11][0m â•°â”€â”€â”€â”€â”€â”€â”€â•¯
ERROR:PYTHON:[32m[`__main__.my_sum` Worker #7][0m â•°â”€â”€â”€â”€â”€â”€â”€â•¯
ERROR:PYTHON:[32m[`__main__.my_sum` Worker #10][0m my_sum(â•­â”€â”€â”€â”€â”€â”€â”€â•®
ERROR:PYTHON:[32m[`__main__.my_sum` Worker #11][0m )
ERROR:PYTHON:[32m[`__main__.my_sum` Worker #7][0m )
ERROR:PYTHON:[32m[`__main__.my_sum` Worker #10][0m â”‚ id    â”‚
ERROR:PYTHON:[32m[`__main__.my_sum` Worker #10][0m â”‚ ---   â”‚
ERROR:PYTHON:[32m[`__main__.my_sum` Worker #10][0m â”‚ Int64 â”‚
ERROR:PYTHON:[32m[`__main__.my_sum` Worker #10][0m â•â•â•â•â•â•â•â•â•¡
ERROR:PYTHON:[32m[`__main__.my_sum` Worker #10][0m â”‚ 58    â”‚
ERROR:PYTHON:[32m[`__main__.my_sum` Worker #10][0m â•°â”€â”€â”€â”€â”€â”€â”€â•¯
ERROR:PYTHON:[32m[`__main__.my_sum` Worker #10][0m )
ERROR:PYTHON:[32m[`__main__.my_sum` Worker #0][0m
ERROR:PYTHON:[32m[`__main__.my_sum` Worker #1][0m
ERROR:PYTHON:[32m[`__main__.my_sum` Worker #2][0m
ERROR:PYTHON:[32m[`__main__.my_sum` Worker #0][0m my_sum(â•­â”€â”€â”€â”€â”€â”€â”€â•®
ERROR:PYTHON:[32m[`__main__.my_sum` Worker #1][0m my_sum(â•­â”€â”€â”€â”€â”€â”€â”€â•®
ERROR:PYTHON:[32m[`__main__.my_sum` Worker #2][0m my_sum(â•­â”€â”€â”€â”€â”€â”€â”€â•®
ERROR:PYTHON:[32m[`__main__.my_sum` Worker #0][0m â”‚ id    â”‚
ERROR:PYTHON:[32m[`__main__.my_sum` Worker #1][0m â”‚ id    â”‚
ERROR:PYTHON:[32m[`__main__.my_sum` Worker #2][0m â”‚ id    â”‚
ERROR:PYTHON:[32m[`__main__.my_sum` Worker #0][0m â”‚ ---   â”‚
ERROR:PYTHON:[32m[`__main__.my_sum` Worker #1][0m â”‚ ---   â”‚
ERROR:PYTHON:[32m[`__main__.my_sum` Worker #2][0m â”‚ ---   â”‚
ERROR:PYTHON:[32m[`__main__.my_sum` Worker #0][0m â”‚ Int64 â”‚
ERROR:PYTHON:[32m[`__main__.my_sum` Worker #1][0m â”‚ Int64 â”‚
ERROR:PYTHON:[32m[`__main__.my_sum` Worker #2][0m â”‚ Int64 â”‚
ERROR:PYTHON:[32m[`__main__.my_sum` Worker #0][0m â•â•â•â•â•â•â•â•â•¡
ERROR:PYTHON:[32m[`__main__.my_sum` Worker #1][0m â•â•â•â•â•â•â•â•â•¡
ERROR:PYTHON:[32m[`__main__.my_sum` Worker #2][0m â•â•â•â•â•â•â•â•â•¡
ERROR:PYTHON:[32m[`__main__.my_sum` Worker #0][0m â”‚ 60    â”‚
ERROR:PYTHON:[32m[`__main__.my_sum` Worker #1][0m â”‚ 61    â”‚
ERROR:PYTHON:[32m[`__main__.my_sum` Worker #2][0m â”‚ 62    â”‚
ERROR:PYTHON:[32m[`__main__.my_sum` Worker #0][0m â•°â”€â”€â”€â”€â”€â”€â”€â•¯
ERROR:PYTHON:[32m[`__main__.my_sum` Worker #1][0m â•°â”€â”€â”€â”€â”€â”€â”€â•¯
ERROR:PYTHON:[32m[`__main__.my_sum` Worker #2][0m â•°â”€â”€â”€â”€â”€â”€â”€â•¯
ERROR:PYTHON:[32m[`__main__.my_sum` Worker #0][0m )
ERROR:PYTHON:[32m[`__main__.my_sum` Worker #1][0m )
ERROR:PYTHON:[32m[`__main__.my_sum` Worker #2][0m )
ERROR:PYTHON:[32m[`__main__.my_sum` Worker #3][0m
ERROR:PYTHON:[32m[`__main__.my_sum` Worker #3][0m my_sum(â•­â”€â”€â”€â”€â”€â”€â”€â•®
ERROR:PYTHON:[32m[`__main__.my_sum` Worker #3][0m â”‚ id    â”‚
ERROR:PYTHON:[32m[`__main__.my_sum` Worker #3][0m â”‚ ---   â”‚
ERROR:PYTHON:[32m[`__main__.my_sum` Worker #5][0m
ERROR:PYTHON:[32m[`__main__.my_sum` Worker #3][0m â”‚ Int64 â”‚
ERROR:PYTHON:[32m[`__main__.my_sum` Worker #5][0m my_sum(â•­â”€â”€â”€â”€â”€â”€â”€â•®
ERROR:PYTHON:[32m[`__main__.my_sum` Worker #9][0m
ERROR:PYTHON:[32m[`__main__.my_sum` Worker #6][0m
ERROR:PYTHON:[32m[`__main__.my_sum` Worker #3][0m â•â•â•â•â•â•â•â•â•¡
ERROR:PYTHON:[32m[`__main__.my_sum` Worker #8][0m
ERROR:PYTHON:[32m[`__main__.my_sum` Worker #5][0m â”‚ id    â”‚
ERROR:PYTHON:[32m[`__main__.my_sum` Worker #9][0m my_sum(â•­â”€â”€â”€â”€â”€â”€â”€â•®
ERROR:PYTHON:[32m[`__main__.my_sum` Worker #10][0m
ERROR:PYTHON:[32m[`__main__.my_sum` Worker #11][0m
ERROR:PYTHON:[32m[`__main__.my_sum` Worker #4][0m
ERROR:PYTHON:[32m[`__main__.my_sum` Worker #7][0m
ERROR:PYTHON:[32m[`__main__.my_sum` Worker #6][0m my_sum(â•­â”€â”€â”€â”€â”€â”€â”€â•®
ERROR:PYTHON:[32m[`__main__.my_sum` Worker #3][0m â”‚ 63    â”‚
ERROR:PYTHON:[32m[`__main__.my_sum` Worker #5][0m â”‚ ---   â”‚
ERROR:PYTHON:[32m[`__main__.my_sum` Worker #9][0m â”‚ id    â”‚
ERROR:PYTHON:[32m[`__main__.my_sum` Worker #8][0m my_sum(â•­â”€â”€â”€â”€â”€â”€â”€â•®
ERROR:PYTHON:[32m[`__main__.my_sum` Worker #10][0m my_sum(â•­â”€â”€â”€â”€â”€â”€â”€â•®
ERROR:PYTHON:[32m[`__main__.my_sum` Worker #11][0m my_sum(â•­â”€â”€â”€â”€â”€â”€â”€â•®
ERROR:PYTHON:[32m[`__main__.my_sum` Worker #4][0m my_sum(â•­â”€â”€â”€â”€â”€â”€â”€â•®
ERROR:PYTHON:[32m[`__main__.my_sum` Worker #7][0m my_sum(â•­â”€â”€â”€â”€â”€â”€â”€â•®
ERROR:PYTHON:[32m[`__main__.my_sum` Worker #6][0m â”‚ id    â”‚
ERROR:PYTHON:[32m[`__main__.my_sum` Worker #3][0m â•°â”€â”€â”€â”€â”€â”€â”€â•¯
ERROR:PYTHON:[32m[`__main__.my_sum` Worker #5][0m â”‚ Int64 â”‚
ERROR:PYTHON:[32m[`__main__.my_sum` Worker #9][0m â”‚ ---   â”‚
ERROR:PYTHON:[32m[`__main__.my_sum` Worker #8][0m â”‚ id    â”‚
ERROR:PYTHON:[32m[`__main__.my_sum` Worker #11][0m â”‚ id    â”‚
ERROR:PYTHON:[32m[`__main__.my_sum` Worker #10][0m â”‚ id    â”‚
ERROR:PYTHON:[32m[`__main__.my_sum` Worker #4][0m â”‚ id    â”‚
ERROR:PYTHON:[32m[`__main__.my_sum` Worker #7][0m â”‚ id    â”‚
ERROR:PYTHON:[32m[`__main__.my_sum` Worker #6][0m â”‚ ---   â”‚
ERROR:PYTHON:[32m[`__main__.my_sum` Worker #3][0m )
ERROR:PYTHON:[32m[`__main__.my_sum` Worker #5][0m â•â•â•â•â•â•â•â•â•¡
ERROR:PYTHON:[32m[`__main__.my_sum` Worker #9][0m â”‚ Int64 â”‚
ERROR:PYTHON:[32m[`__main__.my_sum` Worker #8][0m â”‚ ---   â”‚
ERROR:PYTHON:[32m[`__main__.my_sum` Worker #11][0m â”‚ ---   â”‚
ERROR:PYTHON:[32m[`__main__.my_sum` Worker #10][0m â”‚ ---   â”‚
ERROR:PYTHON:[32m[`__main__.my_sum` Worker #4][0m â”‚ ---   â”‚
ERROR:PYTHON:[32m[`__main__.my_sum` Worker #7][0m â”‚ ---   â”‚
ERROR:PYTHON:[32m[`__main__.my_sum` Worker #6][0m â”‚ Int64 â”‚
ERROR:PYTHON:[32m[`__main__.my_sum` Worker #5][0m â”‚ 65    â”‚
ERROR:PYTHON:[32m[`__main__.my_sum` Worker #9][0m â•â•â•â•â•â•â•â•â•¡
ERROR:PYTHON:[32m[`__main__.my_sum` Worker #8][0m â”‚ Int64 â”‚
ERROR:PYTHON:[32m[`__main__.my_sum` Worker #10][0m â”‚ Int64 â”‚
ERROR:PYTHON:[32m[`__main__.my_sum` Worker #11][0m â”‚ Int64 â”‚
ERROR:PYTHON:[32m[`__main__.my_sum` Worker #4][0m â”‚ Int64 â”‚
ERROR:PYTHON:[32m[`__main__.my_sum` Worker #7][0m â”‚ Int64 â”‚
ERROR:PYTHON:[32m[`__main__.my_sum` Worker #6][0m â•â•â•â•â•â•â•â•â•¡
ERROR:PYTHON:[32m[`__main__.my_sum` Worker #5][0m â•°â”€â”€â”€â”€â”€â”€â”€â•¯
ERROR:PYTHON:[32m[`__main__.my_sum` Worker #9][0m â”‚ 69    â”‚
ERROR:PYTHON:[32m[`__main__.my_sum` Worker #8][0m â•â•â•â•â•â•â•â•â•¡
ERROR:PYTHON:[32m[`__main__.my_sum` Worker #11][0m â•â•â•â•â•â•â•â•â•¡
ERROR:PYTHON:[32m[`__main__.my_sum` Worker #10][0m â•â•â•â•â•â•â•â•â•¡
ERROR:PYTHON:[32m[`__main__.my_sum` Worker #7][0m â•â•â•â•â•â•â•â•â•¡
ERROR:PYTHON:[32m[`__main__.my_sum` Worker #4][0m â•â•â•â•â•â•â•â•â•¡
ERROR:PYTHON:[32m[`__main__.my_sum` Worker #6][0m â”‚ 66    â”‚
ERROR:PYTHON:[32m[`__main__.my_sum` Worker #5][0m )
ERROR:PYTHON:[32m[`__main__.my_sum` Worker #9][0m â•°â”€â”€â”€â”€â”€â”€â”€â•¯
ERROR:PYTHON:[32m[`__main__.my_sum` Worker #8][0m â”‚ 68    â”‚
ERROR:PYTHON:[32m[`__main__.my_sum` Worker #10][0m â”‚ 70    â”‚
ERROR:PYTHON:[32m[`__main__.my_sum` Worker #11][0m â”‚ 71    â”‚
ERROR:PYTHON:[32m[`__main__.my_sum` Worker #4][0m â”‚ 64    â”‚
ERROR:PYTHON:[32m[`__main__.my_sum` Worker #7][0m â”‚ 67    â”‚
ERROR:PYTHON:[32m[`__main__.my_sum` Worker #6][0m â•°â”€â”€â”€â”€â”€â”€â”€â•¯
ERROR:PYTHON:[32m[`__main__.my_sum` Worker #8][0m â•°â”€â”€â”€â”€â”€â”€â”€â•¯
ERROR:PYTHON:[32m[`__main__.my_sum` Worker #9][0m )
ERROR:PYTHON:[32m[`__main__.my_sum` Worker #10][0m â•°â”€â”€â”€â”€â”€â”€â”€â•¯
ERROR:PYTHON:[32m[`__main__.my_sum` Worker #11][0m â•°â”€â”€â”€â”€â”€â”€â”€â•¯
ERROR:PYTHON:[32m[`__main__.my_sum` Worker #4][0m â•°â”€â”€â”€â”€â”€â”€â”€â•¯
ERROR:PYTHON:[32m[`__main__.my_sum` Worker #7][0m â•°â”€â”€â”€â”€â”€â”€â”€â•¯
ERROR:PYTHON:[32m[`__main__.my_sum` Worker #6][0m )
ERROR:PYTHON:[32m[`__main__.my_sum` Worker #8][0m )
ERROR:PYTHON:[32m[`__main__.my_sum` Worker #10][0m )
ERROR:PYTHON:[32m[`__main__.my_sum` Worker #4][0m )
ERROR:PYTHON:[32m[`__main__.my_sum` Worker #11][0m )
ERROR:PYTHON:[32m[`__main__.my_sum` Worker #7][0m )
ERROR:PYTHON:[32m[`__main__.my_sum` Worker #0][0m
ERROR:PYTHON:[32m[`__main__.my_sum` Worker #0][0m my_sum(â•­â”€â”€â”€â”€â”€â”€â”€â•®
ERROR:PYTHON:[32m[`__main__.my_sum` Worker #0][0m â”‚ id    â”‚
ERROR:PYTHON:[32m[`__main__.my_sum` Worker #0][0m â”‚ ---   â”‚
ERROR:PYTHON:[32m[`__main__.my_sum` Worker #0][0m â”‚ Int64 â”‚
ERROR:PYTHON:[32m[`__main__.my_sum` Worker #0][0m â•â•â•â•â•â•â•â•â•¡
ERROR:PYTHON:[32m[`__main__.my_sum` Worker #0][0m â”‚ 72    â”‚
ERROR:PYTHON:[32m[`__main__.my_sum` Worker #0][0m â•°â”€â”€â”€â”€â”€â”€â”€â•¯
ERROR:PYTHON:[32m[`__main__.my_sum` Worker #0][0m )
ERROR:PYTHON:[32m[`__main__.my_sum` Worker #1][0m
ERROR:PYTHON:[32m[`__main__.my_sum` Worker #1][0m my_sum(â•­â”€â”€â”€â”€â”€â”€â”€â•®
ERROR:PYTHON:[32m[`__main__.my_sum` Worker #1][0m â”‚ id    â”‚
ERROR:PYTHON:[32m[`__main__.my_sum` Worker #1][0m â”‚ ---   â”‚
ERROR:PYTHON:[32m[`__main__.my_sum` Worker #1][0m â”‚ Int64 â”‚
ERROR:PYTHON:[32m[`__main__.my_sum` Worker #2][0m
ERROR:PYTHON:[32m[`__main__.my_sum` Worker #1][0m â•â•â•â•â•â•â•â•â•¡
ERROR:PYTHON:[32m[`__main__.my_sum` Worker #2][0m my_sum(â•­â”€â”€â”€â”€â”€â”€â”€â•®
ERROR:PYTHON:[32m[`__main__.my_sum` Worker #1][0m â”‚ 73    â”‚
ERROR:PYTHON:[32m[`__main__.my_sum` Worker #2][0m â”‚ id    â”‚
ERROR:PYTHON:[32m[`__main__.my_sum` Worker #1][0m â•°â”€â”€â”€â”€â”€â”€â”€â•¯
ERROR:PYTHON:[32m[`__main__.my_sum` Worker #2][0m â”‚ ---   â”‚
ERROR:PYTHON:[32m[`__main__.my_sum` Worker #1][0m )
ERROR:PYTHON:[32m[`__main__.my_sum` Worker #2][0m â”‚ Int64 â”‚
ERROR:PYTHON:[32m[`__main__.my_sum` Worker #2][0m â•â•â•â•â•â•â•â•â•¡
ERROR:PYTHON:[32m[`__main__.my_sum` Worker #2][0m â”‚ 74    â”‚
ERROR:PYTHON:[32m[`__main__.my_sum` Worker #2][0m â•°â”€â”€â”€â”€â”€â”€â”€â•¯
ERROR:PYTHON:[32m[`__main__.my_sum` Worker #2][0m )
ERROR:PYTHON:[32m[`__main__.my_sum` Worker #7][0m
ERROR:PYTHON:[32m[`__main__.my_sum` Worker #3][0m
ERROR:PYTHON:[32m[`__main__.my_sum` Worker #7][0m my_sum(â•­â”€â”€â”€â”€â”€â”€â”€â•®
ERROR:PYTHON:[32m[`__main__.my_sum` Worker #3][0m my_sum(â•­â”€â”€â”€â”€â”€â”€â”€â•®
ERROR:PYTHON:[32m[`__main__.my_sum` Worker #7][0m â”‚ id    â”‚
ERROR:PYTHON:[32m[`__main__.my_sum` Worker #3][0m â”‚ id    â”‚
ERROR:PYTHON:[32m[`__main__.my_sum` Worker #7][0m â”‚ ---   â”‚
ERROR:PYTHON:[32m[`__main__.my_sum` Worker #3][0m â”‚ ---   â”‚
ERROR:PYTHON:[32m[`__main__.my_sum` Worker #7][0m â”‚ Int64 â”‚
ERROR:PYTHON:[32m[`__main__.my_sum` Worker #3][0m â”‚ Int64 â”‚
ERROR:PYTHON:[32m[`__main__.my_sum` Worker #7][0m â•â•â•â•â•â•â•â•â•¡
ERROR:PYTHON:[32m[`__main__.my_sum` Worker #3][0m â•â•â•â•â•â•â•â•â•¡
ERROR:PYTHON:[32m[`__main__.my_sum` Worker #7][0m â”‚ 79    â”‚
ERROR:PYTHON:[32m[`__main__.my_sum` Worker #3][0m â”‚ 75    â”‚
ERROR:PYTHON:[32m[`__main__.my_sum` Worker #7][0m â•°â”€â”€â”€â”€â”€â”€â”€â•¯
ERROR:PYTHON:[32m[`__main__.my_sum` Worker #3][0m â•°â”€â”€â”€â”€â”€â”€â”€â•¯
ERROR:PYTHON:[32m[`__main__.my_sum` Worker #7][0m )
ERROR:PYTHON:[32m[`__main__.my_sum` Worker #3][0m )
ERROR:PYTHON:[32m[`__main__.my_sum` Worker #4][0m
ERROR:PYTHON:[32m[`__main__.my_sum` Worker #6][0m
ERROR:PYTHON:[32m[`__main__.my_sum` Worker #4][0m my_sum(â•­â”€â”€â”€â”€â”€â”€â”€â•®
ERROR:PYTHON:[32m[`__main__.my_sum` Worker #6][0m my_sum(â•­â”€â”€â”€â”€â”€â”€â”€â•®
ERROR:PYTHON:[32m[`__main__.my_sum` Worker #4][0m â”‚ id    â”‚
ERROR:PYTHON:[32m[`__main__.my_sum` Worker #6][0m â”‚ id    â”‚
ERROR:PYTHON:[32m[`__main__.my_sum` Worker #4][0m â”‚ ---   â”‚
ERROR:PYTHON:[32m[`__main__.my_sum` Worker #6][0m â”‚ ---   â”‚
ERROR:PYTHON:[32m[`__main__.my_sum` Worker #4][0m â”‚ Int64 â”‚
ERROR:PYTHON:[32m[`__main__.my_sum` Worker #6][0m â”‚ Int64 â”‚
ERROR:PYTHON:[32m[`__main__.my_sum` Worker #6][0m â•â•â•â•â•â•â•â•â•¡
ERROR:PYTHON:[32m[`__main__.my_sum` Worker #6][0m â”‚ 78    â”‚
ERROR:PYTHON:[32m[`__main__.my_sum` Worker #6][0m â•°â”€â”€â”€â”€â”€â”€â”€â•¯
ERROR:PYTHON:[32m[`__main__.my_sum` Worker #6][0m )
ERROR:PYTHON:[32m[`__main__.my_sum` Worker #4][0m â•â•â•â•â•â•â•â•â•¡
ERROR:PYTHON:[32m[`__main__.my_sum` Worker #4][0m â”‚ 76    â”‚
ERROR:PYTHON:[32m[`__main__.my_sum` Worker #4][0m â•°â”€â”€â”€â”€â”€â”€â”€â•¯
ERROR:PYTHON:[32m[`__main__.my_sum` Worker #4][0m )
ERROR:PYTHON:[32m[`__main__.my_sum` Worker #5][0m
ERROR:PYTHON:[32m[`__main__.my_sum` Worker #5][0m my_sum(â•­â”€â”€â”€â”€â”€â”€â”€â•®
ERROR:PYTHON:[32m[`__main__.my_sum` Worker #5][0m â”‚ id    â”‚
ERROR:PYTHON:[32m[`__main__.my_sum` Worker #5][0m â”‚ ---   â”‚
ERROR:PYTHON:[32m[`__main__.my_sum` Worker #5][0m â”‚ Int64 â”‚
ERROR:PYTHON:[32m[`__main__.my_sum` Worker #5][0m â•â•â•â•â•â•â•â•â•¡
ERROR:PYTHON:[32m[`__main__.my_sum` Worker #5][0m â”‚ 77    â”‚
ERROR:PYTHON:[32m[`__main__.my_sum` Worker #8][0m
ERROR:PYTHON:[32m[`__main__.my_sum` Worker #5][0m â•°â”€â”€â”€â”€â”€â”€â”€â•¯
ERROR:PYTHON:[32m[`__main__.my_sum` Worker #10][0m
ERROR:PYTHON:[32m[`__main__.my_sum` Worker #8][0m my_sum(â•­â”€â”€â”€â”€â”€â”€â”€â•®
ERROR:PYTHON:[32m[`__main__.my_sum` Worker #11][0m
ERROR:PYTHON:[32m[`__main__.my_sum` Worker #5][0m )
ERROR:PYTHON:[32m[`__main__.my_sum` Worker #10][0m my_sum(â•­â”€â”€â”€â”€â”€â”€â”€â•®
ERROR:PYTHON:[32m[`__main__.my_sum` Worker #8][0m â”‚ id    â”‚
ERROR:PYTHON:[32m[`__main__.my_sum` Worker #9][0m
ERROR:PYTHON:[32m[`__main__.my_sum` Worker #11][0m my_sum(â•­â”€â”€â”€â”€â”€â”€â”€â•®
ERROR:PYTHON:[32m[`__main__.my_sum` Worker #10][0m â”‚ id    â”‚
ERROR:PYTHON:[32m[`__main__.my_sum` Worker #8][0m â”‚ ---   â”‚
ERROR:PYTHON:[32m[`__main__.my_sum` Worker #9][0m my_sum(â•­â”€â”€â”€â”€â”€â”€â”€â•®
ERROR:PYTHON:[32m[`__main__.my_sum` Worker #11][0m â”‚ id    â”‚
ERROR:PYTHON:[32m[`__main__.my_sum` Worker #10][0m â”‚ ---   â”‚
ERROR:PYTHON:[32m[`__main__.my_sum` Worker #8][0m â”‚ Int64 â”‚
ERROR:PYTHON:[32m[`__main__.my_sum` Worker #9][0m â”‚ id    â”‚
ERROR:PYTHON:[32m[`__main__.my_sum` Worker #11][0m â”‚ ---   â”‚
ERROR:PYTHON:[32m[`__main__.my_sum` Worker #10][0m â”‚ Int64 â”‚
ERROR:PYTHON:[32m[`__main__.my_sum` Worker #9][0m â”‚ ---   â”‚
ERROR:PYTHON:[32m[`__main__.my_sum` Worker #8][0m â•â•â•â•â•â•â•â•â•¡
ERROR:PYTHON:[32m[`__main__.my_sum` Worker #11][0m â”‚ Int64 â”‚
ERROR:PYTHON:[32m[`__main__.my_sum` Worker #10][0m â•â•â•â•â•â•â•â•â•¡
ERROR:PYTHON:[32m[`__main__.my_sum` Worker #9][0m â”‚ Int64 â”‚
ERROR:PYTHON:[32m[`__main__.my_sum` Worker #8][0m â”‚ 80    â”‚
ERROR:PYTHON:[32m[`__main__.my_sum` Worker #11][0m â•â•â•â•â•â•â•â•â•¡
ERROR:PYTHON:[32m[`__main__.my_sum` Worker #10][0m â”‚ 82    â”‚
ERROR:PYTHON:[32m[`__main__.my_sum` Worker #8][0m â•°â”€â”€â”€â”€â”€â”€â”€â•¯
ERROR:PYTHON:[32m[`__main__.my_sum` Worker #9][0m â•â•â•â•â•â•â•â•â•¡
ERROR:PYTHON:[32m[`__main__.my_sum` Worker #11][0m â”‚ 83    â”‚
ERROR:PYTHON:[32m[`__main__.my_sum` Worker #10][0m â•°â”€â”€â”€â”€â”€â”€â”€â•¯
ERROR:PYTHON:[32m[`__main__.my_sum` Worker #8][0m )
ERROR:PYTHON:[32m[`__main__.my_sum` Worker #9][0m â”‚ 81    â”‚
ERROR:PYTHON:[32m[`__main__.my_sum` Worker #11][0m â•°â”€â”€â”€â”€â”€â”€â”€â•¯
ERROR:PYTHON:[32m[`__main__.my_sum` Worker #10][0m )
ERROR:PYTHON:[32m[`__main__.my_sum` Worker #9][0m â•°â”€â”€â”€â”€â”€â”€â”€â•¯
ERROR:PYTHON:[32m[`__main__.my_sum` Worker #11][0m )
ERROR:PYTHON:[32m[`__main__.my_sum` Worker #9][0m )
ERROR:PYTHON:[32m[`__main__.my_sum` Worker #0][0m
ERROR:PYTHON:[32m[`__main__.my_sum` Worker #0][0m my_sum(â•­â”€â”€â”€â”€â”€â”€â”€â•®
ERROR:PYTHON:[32m[`__main__.my_sum` Worker #0][0m â”‚ id    â”‚
ERROR:PYTHON:[32m[`__main__.my_sum` Worker #0][0m â”‚ ---   â”‚
ERROR:PYTHON:[32m[`__main__.my_sum` Worker #0][0m â”‚ Int64 â”‚
ERROR:PYTHON:[32m[`__main__.my_sum` Worker #0][0m â•â•â•â•â•â•â•â•â•¡
ERROR:PYTHON:[32m[`__main__.my_sum` Worker #0][0m â”‚ 84    â”‚
ERROR:PYTHON:[32m[`__main__.my_sum` Worker #0][0m â•°â”€â”€â”€â”€â”€â”€â”€â•¯
ERROR:PYTHON:[32m[`__main__.my_sum` Worker #0][0m )
ERROR:PYTHON:[32m[`__main__.my_sum` Worker #1][0m
ERROR:PYTHON:[32m[`__main__.my_sum` Worker #1][0m my_sum(â•­â”€â”€â”€â”€â”€â”€â”€â•®
ERROR:PYTHON:[32m[`__main__.my_sum` Worker #1][0m â”‚ id    â”‚
ERROR:PYTHON:[32m[`__main__.my_sum` Worker #1][0m â”‚ ---   â”‚
ERROR:PYTHON:[32m[`__main__.my_sum` Worker #1][0m â”‚ Int64 â”‚
ERROR:PYTHON:[32m[`__main__.my_sum` Worker #1][0m â•â•â•â•â•â•â•â•â•¡
ERROR:PYTHON:[32m[`__main__.my_sum` Worker #1][0m â”‚ 85    â”‚
ERROR:PYTHON:[32m[`__main__.my_sum` Worker #2][0m
ERROR:PYTHON:[32m[`__main__.my_sum` Worker #1][0m â•°â”€â”€â”€â”€â”€â”€â”€â•¯
ERROR:PYTHON:[32m[`__main__.my_sum` Worker #2][0m my_sum(â•­â”€â”€â”€â”€â”€â”€â”€â•®
ERROR:PYTHON:[32m[`__main__.my_sum` Worker #2][0m â”‚ id    â”‚
ERROR:PYTHON:[32m[`__main__.my_sum` Worker #1][0m )
ERROR:PYTHON:[32m[`__main__.my_sum` Worker #2][0m â”‚ ---   â”‚
ERROR:PYTHON:[32m[`__main__.my_sum` Worker #2][0m â”‚ Int64 â”‚
ERROR:PYTHON:[32m[`__main__.my_sum` Worker #2][0m â•â•â•â•â•â•â•â•â•¡
ERROR:PYTHON:[32m[`__main__.my_sum` Worker #2][0m â”‚ 86    â”‚
ERROR:PYTHON:[32m[`__main__.my_sum` Worker #2][0m â•°â”€â”€â”€â”€â”€â”€â”€â•¯
ERROR:PYTHON:[32m[`__main__.my_sum` Worker #2][0m )
ERROR:PYTHON:[32m[`__main__.my_sum` Worker #3][0m
ERROR:PYTHON:[32m[`__main__.my_sum` Worker #3][0m my_sum(â•­â”€â”€â”€â”€â”€â”€â”€â•®
ERROR:PYTHON:[32m[`__main__.my_sum` Worker #3][0m â”‚ id    â”‚
ERROR:PYTHON:[32m[`__main__.my_sum` Worker #3][0m â”‚ ---   â”‚
ERROR:PYTHON:[32m[`__main__.my_sum` Worker #3][0m â”‚ Int64 â”‚
ERROR:PYTHON:[32m[`__main__.my_sum` Worker #3][0m â•â•â•â•â•â•â•â•â•¡
ERROR:PYTHON:[32m[`__main__.my_sum` Worker #3][0m â”‚ 87    â”‚
ERROR:PYTHON:[32m[`__main__.my_sum` Worker #3][0m â•°â”€â”€â”€â”€â”€â”€â”€â•¯
ERROR:PYTHON:[32m[`__main__.my_sum` Worker #3][0m )
ERROR:PYTHON:[32m[`__main__.my_sum` Worker #4][0m
ERROR:PYTHON:[32m[`__main__.my_sum` Worker #4][0m my_sum(â•­â”€â”€â”€â”€â”€â”€â”€â•®
ERROR:PYTHON:[32m[`__main__.my_sum` Worker #4][0m â”‚ id    â”‚
ERROR:PYTHON:[32m[`__main__.my_sum` Worker #4][0m â”‚ ---   â”‚
ERROR:PYTHON:[32m[`__main__.my_sum` Worker #4][0m â”‚ Int64 â”‚
ERROR:PYTHON:[32m[`__main__.my_sum` Worker #4][0m â•â•â•â•â•â•â•â•â•¡
ERROR:PYTHON:[32m[`__main__.my_sum` Worker #4][0m â”‚ 88    â”‚
ERROR:PYTHON:[32m[`__main__.my_sum` Worker #4][0m â•°â”€â”€â”€â”€â”€â”€â”€â•¯
ERROR:PYTHON:[32m[`__main__.my_sum` Worker #6][0m
ERROR:PYTHON:[32m[`__main__.my_sum` Worker #4][0m )
ERROR:PYTHON:[32m[`__main__.my_sum` Worker #6][0m my_sum(â•­â”€â”€â”€â”€â”€â”€â”€â•®
ERROR:PYTHON:[32m[`__main__.my_sum` Worker #6][0m â”‚ id    â”‚
ERROR:PYTHON:[32m[`__main__.my_sum` Worker #5][0m
ERROR:PYTHON:[32m[`__main__.my_sum` Worker #5][0m my_sum(â•­â”€â”€â”€â”€â”€â”€â”€â•®
ERROR:PYTHON:[32m[`__main__.my_sum` Worker #5][0m â”‚ id    â”‚
ERROR:PYTHON:[32m[`__main__.my_sum` Worker #5][0m â”‚ ---   â”‚
ERROR:PYTHON:[32m[`__main__.my_sum` Worker #5][0m â”‚ Int64 â”‚
ERROR:PYTHON:[32m[`__main__.my_sum` Worker #6][0m â”‚ ---   â”‚
ERROR:PYTHON:[32m[`__main__.my_sum` Worker #5][0m â•â•â•â•â•â•â•â•â•¡
ERROR:PYTHON:[32m[`__main__.my_sum` Worker #6][0m â”‚ Int64 â”‚
ERROR:PYTHON:[32m[`__main__.my_sum` Worker #5][0m â”‚ 89    â”‚
ERROR:PYTHON:[32m[`__main__.my_sum` Worker #6][0m â•â•â•â•â•â•â•â•â•¡
ERROR:PYTHON:[32m[`__main__.my_sum` Worker #5][0m â•°â”€â”€â”€â”€â”€â”€â”€â•¯
ERROR:PYTHON:[32m[`__main__.my_sum` Worker #6][0m â”‚ 90    â”‚
ERROR:PYTHON:[32m[`__main__.my_sum` Worker #5][0m )
ERROR:PYTHON:[32m[`__main__.my_sum` Worker #6][0m â•°â”€â”€â”€â”€â”€â”€â”€â•¯
ERROR:PYTHON:[32m[`__main__.my_sum` Worker #6][0m )
ERROR:PYTHON:[32m[`__main__.my_sum` Worker #7][0m
ERROR:PYTHON:[32m[`__main__.my_sum` Worker #7][0m my_sum(â•­â”€â”€â”€â”€â”€â”€â”€â•®
ERROR:PYTHON:[32m[`__main__.my_sum` Worker #7][0m â”‚ id    â”‚
ERROR:PYTHON:[32m[`__main__.my_sum` Worker #7][0m â”‚ ---   â”‚
ERROR:PYTHON:[32m[`__main__.my_sum` Worker #7][0m â”‚ Int64 â”‚
ERROR:PYTHON:[32m[`__main__.my_sum` Worker #7][0m â•â•â•â•â•â•â•â•â•¡
ERROR:PYTHON:[32m[`__main__.my_sum` Worker #7][0m â”‚ 91    â”‚
ERROR:PYTHON:[32m[`__main__.my_sum` Worker #7][0m â•°â”€â”€â”€â”€â”€â”€â”€â•¯
ERROR:PYTHON:[32m[`__main__.my_sum` Worker #7][0m )
ERROR:PYTHON:[32m[`__main__.my_sum` Worker #8][0m
ERROR:PYTHON:[32m[`__main__.my_sum` Worker #8][0m my_sum(â•­â”€â”€â”€â”€â”€â”€â”€â•®
ERROR:PYTHON:[32m[`__main__.my_sum` Worker #8][0m â”‚ id    â”‚
ERROR:PYTHON:[32m[`__main__.my_sum` Worker #8][0m â”‚ ---   â”‚
ERROR:PYTHON:[32m[`__main__.my_sum` Worker #8][0m â”‚ Int64 â”‚
ERROR:PYTHON:[32m[`__main__.my_sum` Worker #8][0m â•â•â•â•â•â•â•â•â•¡
ERROR:PYTHON:[32m[`__main__.my_sum` Worker #9][0m
ERROR:PYTHON:[32m[`__main__.my_sum` Worker #9][0m my_sum(â•­â”€â”€â”€â”€â”€â”€â”€â•®
ERROR:PYTHON:[32m[`__main__.my_sum` Worker #8][0m â”‚ 92    â”‚
ERROR:PYTHON:[32m[`__main__.my_sum` Worker #9][0m â”‚ id    â”‚
ERROR:PYTHON:[32m[`__main__.my_sum` Worker #9][0m â”‚ ---   â”‚
ERROR:PYTHON:[32m[`__main__.my_sum` Worker #8][0m â•°â”€â”€â”€â”€â”€â”€â”€â•¯
ERROR:PYTHON:[32m[`__main__.my_sum` Worker #9][0m â”‚ Int64 â”‚
ERROR:PYTHON:[32m[`__main__.my_sum` Worker #8][0m )
ERROR:PYTHON:[32m[`__main__.my_sum` Worker #9][0m â•â•â•â•â•â•â•â•â•¡
ERROR:PYTHON:[32m[`__main__.my_sum` Worker #9][0m â”‚ 93    â”‚
ERROR:PYTHON:[32m[`__main__.my_sum` Worker #9][0m â•°â”€â”€â”€â”€â”€â”€â”€â•¯
ERROR:PYTHON:[32m[`__main__.my_sum` Worker #9][0m )
ERROR:PYTHON:[32m[`__main__.my_sum` Worker #10][0m
ERROR:PYTHON:[32m[`__main__.my_sum` Worker #10][0m my_sum(â•­â”€â”€â”€â”€â”€â”€â”€â•®
ERROR:PYTHON:[32m[`__main__.my_sum` Worker #10][0m â”‚ id    â”‚
ERROR:PYTHON:[32m[`__main__.my_sum` Worker #10][0m â”‚ ---   â”‚
ERROR:PYTHON:[32m[`__main__.my_sum` Worker #11][0m
ERROR:PYTHON:[32m[`__main__.my_sum` Worker #10][0m â”‚ Int64 â”‚
ERROR:PYTHON:[32m[`__main__.my_sum` Worker #10][0m â•â•â•â•â•â•â•â•â•¡
ERROR:PYTHON:[32m[`__main__.my_sum` Worker #11][0m my_sum(â•­â”€â”€â”€â”€â”€â”€â”€â•®
ERROR:PYTHON:[32m[`__main__.my_sum` Worker #11][0m â”‚ id    â”‚
ERROR:PYTHON:[32m[`__main__.my_sum` Worker #10][0m â”‚ 94    â”‚
ERROR:PYTHON:[32m[`__main__.my_sum` Worker #10][0m â•°â”€â”€â”€â”€â”€â”€â”€â•¯
ERROR:PYTHON:[32m[`__main__.my_sum` Worker #11][0m â”‚ ---   â”‚
ERROR:PYTHON:[32m[`__main__.my_sum` Worker #10][0m )
ERROR:PYTHON:[32m[`__main__.my_sum` Worker #11][0m â”‚ Int64 â”‚
ERROR:PYTHON:[32m[`__main__.my_sum` Worker #11][0m â•â•â•â•â•â•â•â•â•¡
ERROR:PYTHON:[32m[`__main__.my_sum` Worker #11][0m â”‚ 95    â”‚
ERROR:PYTHON:[32m[`__main__.my_sum` Worker #11][0m â•°â”€â”€â”€â”€â”€â”€â”€â•¯
ERROR:PYTHON:[32m[`__main__.my_sum` Worker #11][0m )
ERROR:PYTHON:[32m[`__main__.my_sum` Worker #0][0m
ERROR:PYTHON:[32m[`__main__.my_sum` Worker #1][0m
ERROR:PYTHON:[32m[`__main__.my_sum` Worker #0][0m my_sum(â•­â”€â”€â”€â”€â”€â”€â”€â•®
ERROR:PYTHON:[32m[`__main__.my_sum` Worker #1][0m my_sum(â•­â”€â”€â”€â”€â”€â”€â”€â•®
ERROR:PYTHON:[32m[`__main__.my_sum` Worker #0][0m â”‚ id    â”‚
ERROR:PYTHON:[32m[`__main__.my_sum` Worker #1][0m â”‚ id    â”‚
ERROR:PYTHON:[32m[`__main__.my_sum` Worker #0][0m â”‚ ---   â”‚
ERROR:PYTHON:[32m[`__main__.my_sum` Worker #1][0m â”‚ ---   â”‚
ERROR:PYTHON:[32m[`__main__.my_sum` Worker #1][0m â”‚ Int64 â”‚
ERROR:PYTHON:[32m[`__main__.my_sum` Worker #1][0m â•â•â•â•â•â•â•â•â•¡
ERROR:PYTHON:[32m[`__main__.my_sum` Worker #0][0m â”‚ Int64 â”‚
ERROR:PYTHON:[32m[`__main__.my_sum` Worker #1][0m â”‚ 97    â”‚
ERROR:PYTHON:[32m[`__main__.my_sum` Worker #0][0m â•â•â•â•â•â•â•â•â•¡
ERROR:PYTHON:[32m[`__main__.my_sum` Worker #1][0m â•°â”€â”€â”€â”€â”€â”€â”€â•¯
ERROR:PYTHON:[32m[`__main__.my_sum` Worker #0][0m â”‚ 96    â”‚
ERROR:PYTHON:[32m[`__main__.my_sum` Worker #1][0m )
ERROR:PYTHON:[32m[`__main__.my_sum` Worker #0][0m â•°â”€â”€â”€â”€â”€â”€â”€â•¯
ERROR:PYTHON:[32m[`__main__.my_sum` Worker #0][0m )
ERROR:PYTHON:[32m[`__main__.my_sum` Worker #3][0m
ERROR:PYTHON:[32m[`__main__.my_sum` Worker #2][0m
ERROR:PYTHON:[32m[`__main__.my_sum` Worker #3][0m my_sum(â•­â”€â”€â”€â”€â”€â”€â”€â•®
ERROR:PYTHON:[32m[`__main__.my_sum` Worker #2][0m my_sum(â•­â”€â”€â”€â”€â”€â”€â”€â•®
ERROR:PYTHON:[32m[`__main__.my_sum` Worker #3][0m â”‚ id    â”‚
ERROR:PYTHON:[32m[`__main__.my_sum` Worker #2][0m â”‚ id    â”‚
ERROR:PYTHON:[32m[`__main__.my_sum` Worker #3][0m â”‚ ---   â”‚
ERROR:PYTHON:[32m[`__main__.my_sum` Worker #2][0m â”‚ ---   â”‚
ERROR:PYTHON:[32m[`__main__.my_sum` Worker #2][0m â”‚ Int64 â”‚
ERROR:PYTHON:[32m[`__main__.my_sum` Worker #2][0m â•â•â•â•â•â•â•â•â•¡
ERROR:PYTHON:[32m[`__main__.my_sum` Worker #3][0m â”‚ Int64 â”‚
ERROR:PYTHON:[32m[`__main__.my_sum` Worker #2][0m â”‚ 98    â”‚
ERROR:PYTHON:[32m[`__main__.my_sum` Worker #3][0m â•â•â•â•â•â•â•â•â•¡
ERROR:PYTHON:[32m[`__main__.my_sum` Worker #3][0m â”‚ 99    â”‚
ERROR:PYTHON:[32m[`__main__.my_sum` Worker #3][0m â•°â”€â”€â”€â”€â”€â”€â”€â•¯
ERROR:PYTHON:[32m[`__main__.my_sum` Worker #2][0m â•°â”€â”€â”€â”€â”€â”€â”€â•¯
ERROR:PYTHON:[32m[`__main__.my_sum` Worker #2][0m )
ERROR:PYTHON:[32m[`__main__.my_sum` Worker #3][0m )
