import time: self [us] | cumulative | imported package
import time:       117 |        117 | zipimport
import time:       574 |        574 | _frozen_importlib_external
import time:        67 |         67 |     _codecs
import time:       511 |        578 |   codecs
import time:       422 |        422 |   encodings.aliases
import time:       680 |       1679 | encodings
import time:       232 |        232 | encodings.utf_8
import time:       148 |        148 | _signal
import time:       323 |        323 | encodings.latin_1
import time:        56 |         56 |     _abc
import time:       295 |        351 |   abc
import time:       320 |        670 | io
import time:        93 |         93 |   _locale
import time:       180 |        272 | _bootlocale
import time:        82 |         82 |       _stat
import time:       325 |        406 |     stat
import time:      1135 |       1135 |     _collections_abc
import time:       166 |        166 |       genericpath
import time:       261 |        426 |     posixpath
import time:       623 |       2589 |   os
import time:       215 |        215 |   _sitebuiltins
import time:       551 |        551 |   _virtualenv
import time:       412 |        412 |   _distutils_hack
import time:       277 |        277 |   types
import time:       288 |        288 |       warnings
import time:       215 |        503 |     importlib
import time:       167 |        167 |       importlib.machinery
import time:       648 |        815 |     importlib.abc
import time:        97 |         97 |           _operator
import time:       360 |        457 |         operator
import time:       193 |        193 |         keyword
import time:       181 |        181 |           _heapq
import time:       248 |        428 |         heapq
import time:       171 |        171 |         itertools
import time:       221 |        221 |         reprlib
import time:        96 |         96 |         _collections
import time:      1341 |       2905 |       collections
import time:        76 |         76 |         _functools
import time:       634 |        709 |       functools
import time:       564 |       4178 |     contextlib
import time:       414 |       5908 |   importlib.util
import time:       160 |        160 |   sitecustomize
import time:      5985 |      16095 | site
import time:       209 |        209 |   __future__
import time:       735 |        735 |           enum
import time:        87 |         87 |             _sre
import time:       359 |        359 |               sre_constants
import time:       434 |        793 |             sre_parse
import time:       426 |       1305 |           sre_compile
import time:       263 |        263 |           copyreg
import time:       637 |       2938 |         re
import time:       248 |        248 |             _weakrefset
import time:       465 |        713 |           weakref
import time:       106 |        106 |               org
import time:        30 |        136 |             org.python
import time:        31 |        166 |           org.python.core
import time:       294 |       1172 |         copy
import time:       182 |        182 |               _opcode
import time:       331 |        512 |             opcode
import time:       554 |       1066 |           dis
import time:       247 |        247 |           collections.abc
import time:       215 |        215 |               token
import time:      1005 |       1220 |             tokenize
import time:       206 |       1426 |           linecache
import time:      1773 |       4511 |         inspect
import time:       779 |       9399 |       dataclasses
import time:      1649 |       1649 |       typing
import time:       279 |        279 |           numpy._globals
import time:       256 |        256 |           numpy.__config__
import time:       203 |        203 |                   _json
import time:       503 |        705 |                 json.scanner
import time:       549 |       1254 |               json.decoder
import time:       565 |        565 |               json.encoder
import time:       272 |       2090 |             json
import time:       176 |       2266 |           numpy._version
import time:       139 |        139 |           numpy._distributor_init
import time:       154 |        154 |             numpy.version
import time:      1871 |       1871 |                 textwrap
import time:       238 |        238 |                     time
import time:       514 |        514 |                     math
import time:       620 |        620 |                     _datetime
import time:      2448 |       3818 |                   datetime
import time:      7113 |      10931 |                 numpy.core._multiarray_umath
import time:       456 |        456 |                     numpy.compat._inspect
import time:       388 |        388 |                         fnmatch
import time:       248 |        248 |                           nt
import time:       220 |        220 |                           nt
import time:       214 |        214 |                           nt
import time:       970 |       1651 |                         ntpath
import time:       187 |        187 |                         errno
import time:       346 |        346 |                           urllib
import time:      2383 |       2729 |                         urllib.parse
import time:      2155 |       7108 |                       pathlib
import time:       482 |        482 |                             _struct
import time:       509 |        991 |                           struct
import time:       607 |        607 |                           _compat_pickle
import time:       558 |        558 |                           pickle5._pickle
import time:       233 |        233 |                               org
import time:       191 |        423 |                             org.python
import time:       170 |        593 |                           org.python.core
import time:      2770 |       5516 |                         pickle5.pickle
import time:       636 |       6151 |                       pickle5
import time:       678 |      13936 |                     numpy.compat.py3k
import time:       725 |      15116 |                   numpy.compat
import time:       180 |      15295 |                 numpy.compat._inspect
import time:       951 |      29048 |               numpy.core.overrides
import time:      3325 |      32372 |             numpy.core.multiarray
import time:       417 |        417 |             numpy.core.umath
import time:       790 |        790 |               numbers
import time:       444 |        444 |               numpy.core._string_helpers
import time:       550 |        550 |                 numpy.core._dtype
import time:      1045 |       1594 |               numpy.core._type_aliases
import time:      1258 |       4084 |             numpy.core.numerictypes
import time:       656 |        656 |                     numpy.core._exceptions
import time:       693 |       1349 |                   numpy.core._methods
import time:      8051 |       9400 |                 numpy.core.fromnumeric
import time:      1583 |      10983 |               numpy.core.shape_base
import time:       467 |        467 |               numpy.core._ufunc_config
import time:      1637 |       1637 |               numpy.core.arrayprint
import time:       506 |        506 |               numpy.core._asarray
import time:      4895 |      18486 |             numpy.core.numeric
import time:      7624 |       7624 |             numpy.core.defchararray
import time:       687 |        687 |             numpy.core.records
import time:       440 |        440 |             numpy.core.memmap
import time:       871 |        871 |             numpy.core.function_base
import time:       366 |        366 |             numpy.core.machar
import time:       591 |        591 |             numpy.core.getlimits
import time:       941 |        941 |             numpy.core.einsumfunc
import time:       531 |        531 |               numpy.core._multiarray_tests
import time:      3312 |       3843 |             numpy.core._add_newdocs
import time:      2294 |       2294 |                   signal
import time:       397 |        397 |                   _posixsubprocess
import time:       438 |        438 |                   select
import time:      1054 |       1054 |                   selectors
import time:       739 |        739 |                     traceback
import time:      1241 |       1980 |                   threading
import time:      1671 |       7831 |                 subprocess
import time:      5935 |      13765 |               platform
import time:      3076 |      16841 |             numpy.core._add_newdocs_scalars
import time:       235 |        235 |             numpy.core._dtype_ctypes
import time:       111 |        111 |                 _ast
import time:       336 |        447 |               ast
import time:       392 |        392 |                 _ctypes
import time:       284 |        284 |                 ctypes._endian
import time:      1176 |       1850 |               ctypes
import time:      1051 |       3347 |             numpy.core._internal
import time:       177 |        177 |             numpy._pytesttester
import time:      2857 |      94324 |           numpy.core
import time:       290 |        290 |             numpy.lib.mixins
import time:       476 |        476 |                 numpy.lib.ufunclike
import time:       932 |       1407 |               numpy.lib.type_check
import time:       723 |       2130 |             numpy.lib.scimath
import time:       481 |        481 |                         numpy.lib.stride_tricks
import time:       961 |       1441 |                       numpy.lib.twodim_base
import time:       215 |        215 |                       numpy.linalg.lapack_lite
import time:       253 |        253 |                       numpy.linalg._umath_linalg
import time:      1830 |       3738 |                     numpy.linalg.linalg
import time:       205 |       3942 |                   numpy.linalg
import time:       322 |       4264 |                 numpy.matrixlib.defmatrix
import time:       157 |       4421 |               numpy.matrixlib
import time:       462 |        462 |                 numpy.lib.histograms
import time:      2385 |       2846 |               numpy.lib.function_base
import time:       615 |       7881 |             numpy.lib.index_tricks
import time:      1131 |       1131 |             numpy.lib.nanfunctions
import time:      1049 |       1049 |             numpy.lib.shape_base
import time:      1043 |       1043 |             numpy.lib.polynomial
import time:      1177 |       1177 |             numpy.lib.utils
import time:       725 |        725 |             numpy.lib.arraysetops
import time:       260 |        260 |               numpy.lib.format
import time:       248 |        248 |               numpy.lib._datasource
import time:       372 |        372 |               numpy.lib._iotools
import time:      1104 |       1982 |             numpy.lib.npyio
import time:       196 |        196 |             numpy.lib.arrayterator
import time:       299 |        299 |             numpy.lib.arraypad
import time:       178 |        178 |             numpy.lib._version
import time:       528 |      18602 |           numpy.lib
import time:       152 |        152 |               numpy.fft._pocketfft_internal
import time:      1167 |       1318 |             numpy.fft._pocketfft
import time:       347 |        347 |             numpy.fft.helper
import time:       259 |       1924 |           numpy.fft
import time:       263 |        263 |               numpy.polynomial.polyutils
import time:       436 |        436 |               numpy.polynomial._polybase
import time:       491 |       1189 |             numpy.polynomial.polynomial
import time:       366 |        366 |             numpy.polynomial.chebyshev
import time:       307 |        307 |             numpy.polynomial.legendre
import time:       732 |        732 |             numpy.polynomial.hermite
import time:       315 |        315 |             numpy.polynomial.hermite_e
import time:       302 |        302 |             numpy.polynomial.laguerre
import time:       284 |       3492 |           numpy.polynomial
import time:       147 |        147 |                     backports_abc
import time:       558 |        704 |                   numpy.random._common
import time:       280 |        280 |                       binascii
import time:       273 |        552 |                     base64
import time:       481 |        481 |                       _hashlib
import time:       205 |        205 |                         _blake2
import time:       222 |        222 |                         _sha3
import time:       364 |        790 |                       hashlib
import time:       255 |       1525 |                     hmac
import time:       243 |        243 |                         _bisect
import time:       172 |        415 |                       bisect
import time:       185 |        185 |                       _random
import time:       404 |       1003 |                     random
import time:       203 |       3282 |                   secrets
import time:       512 |       4497 |                 numpy.random.bit_generator
import time:       261 |        261 |                 numpy.random._bounded_integers
import time:       223 |        223 |                 numpy.random._mt19937
import time:       888 |       5867 |               numpy.random.mtrand
import time:       234 |        234 |               numpy.random._philox
import time:       224 |        224 |               numpy.random._pcg64
import time:       201 |        201 |               numpy.random._sfc64
import time:       623 |        623 |               numpy.random._generator
import time:       334 |       7480 |             numpy.random._pickle
import time:       217 |       7696 |           numpy.random
import time:       414 |        414 |           numpy.ctypeslib
import time:      2504 |       2504 |             numpy.ma.core
import time:      1148 |       1148 |             numpy.ma.extras
import time:       311 |       3962 |           numpy.ma
import time:      2119 |     135466 |         numpy
import time:       279 |        279 |           pytz.exceptions
import time:       288 |        288 |           pytz.lazy
import time:       254 |        254 |           pytz.tzinfo
import time:       175 |        175 |           pytz.tzfile
import time:       819 |       1814 |         pytz
import time:       164 |        164 |           dateutil._version
import time:       205 |        369 |         dateutil
import time:       193 |        193 |             mmap
import time:      2331 |       2524 |           pandas._typing
import time:       688 |        688 |                                 pandas._libs.tslibs.dtypes
import time:       219 |        219 |                                   pandas._libs.tslibs.base
import time:       247 |        247 |                                     pandas._libs.tslibs.np_datetime
import time:       452 |        699 |                                   pandas._libs.tslibs.nattype
import time:       827 |        827 |                                         six
import time:        63 |         63 |                                         six.moves
import time:       247 |        247 |                                         dateutil.tz._common
import time:       201 |        201 |                                         dateutil.tz._factories
import time:        31 |         31 |                                           six.moves.winreg
import time:       224 |        254 |                                         dateutil.tz.win
import time:      1011 |       2602 |                                       dateutil.tz.tz
import time:       225 |       2827 |                                     dateutil.tz
import time:       420 |       3246 |                                   pandas._libs.tslibs.timezones
import time:       202 |        202 |                                     pandas._libs.tslibs.ccalendar
import time:       389 |        590 |                                   pandas._libs.tslibs.tzconversion
import time:       841 |        841 |                                           locale
import time:       655 |        655 |                                               pandas._config.config
import time:       277 |        277 |                                               pandas._config.dates
import time:       173 |        173 |                                               pandas._config.display
import time:       246 |       1349 |                                             pandas._config
import time:       188 |       1537 |                                           pandas._config.localization
import time:       118 |        118 |                                             backports_abc
import time:       548 |        548 |                                             calendar
import time:      1072 |       1737 |                                           pandas._libs.tslibs.strptime
import time:       413 |       4527 |                                         pandas._libs.tslibs.fields
import time:       703 |       5229 |                                       pandas._libs.tslibs.timedeltas
import time:        99 |         99 |                                         backports_abc
import time:       718 |        816 |                                       pandas._libs.tslibs.timestamps
import time:       111 |        111 |                                       backports_abc
import time:       139 |        139 |                                       dateutil.easter
import time:       161 |        161 |                                         dateutil._common
import time:       334 |        495 |                                       dateutil.relativedelta
import time:       211 |        211 |                                       pandas._libs.properties
import time:      1507 |       8505 |                                     pandas._libs.tslibs.offsets
import time:       102 |        102 |                                     backports_abc
import time:       133 |        133 |                                           _string
import time:       757 |        889 |                                         string
import time:       694 |        694 |                                           _decimal
import time:       190 |        884 |                                         decimal
import time:       739 |       2511 |                                       dateutil.parser._parser
import time:       804 |        804 |                                       dateutil.parser.isoparser
import time:       261 |       3575 |                                     dateutil.parser
import time:       629 |      12810 |                                   pandas._libs.tslibs.parsing
import time:       467 |      18028 |                                 pandas._libs.tslibs.conversion
import time:       490 |        490 |                                 pandas._libs.tslibs.period
import time:       322 |        322 |                                 pandas._libs.tslibs.vectorized
import time:       256 |      19781 |                               pandas._libs.tslibs
import time:        27 |      19808 |                             pandas._libs.tslibs.nattype
import time:       187 |        187 |                             pandas._libs.ops_dispatch
import time:       342 |      20336 |                           pandas._libs.missing
import time:       522 |      20857 |                         pandas._libs.hashtable
import time:       646 |        646 |                         pandas._libs.algos
import time:       659 |      22162 |                       pandas._libs.interval
import time:       175 |      22336 |                     pandas._libs
import time:        27 |      22363 |                   pandas._libs.properties
import time:       348 |      22710 |                 pandas.util._decorators
import time:       144 |        144 |                     pandas.core
import time:       214 |        358 |                   pandas.core.util
import time:       302 |        302 |                     pandas._libs.tslib
import time:       728 |       1029 |                   pandas._libs.lib
import time:       262 |        262 |                   pandas._libs.hashing
import time:       139 |        139 |                     pandas.core.dtypes
import time:       388 |        388 |                       pandas.errors
import time:       487 |        487 |                       pandas.core.dtypes.generic
import time:       255 |       1129 |                     pandas.core.dtypes.base
import time:       219 |        219 |                       pandas.core.dtypes.inference
import time:      1191 |       1409 |                     pandas.core.dtypes.dtypes
import time:       432 |       3108 |                   pandas.core.dtypes.common
import time:       315 |       5070 |                 pandas.core.util.hashing
import time:       147 |      27927 |               pandas.util
import time:      2768 |      30694 |             pandas.util.version
import time:       412 |      31105 |           pandas.compat.numpy
import time:        59 |         59 |               gc
import time:       223 |        223 |               pyarrow._generated_version
import time:       124 |        124 |                 backports_abc
import time:       100 |        100 |                       _uuid
import time:       439 |        539 |                     uuid
import time:       133 |        133 |                     cloudpickle.compat
import time:        93 |         93 |                           org
import time:        41 |        133 |                         org.python
import time:        37 |        169 |                       org.python.core
import time:       303 |        303 |                       _pickle
import time:       750 |       1221 |                     pickle
import time:      1316 |       1316 |                     typing_extensions
import time:       476 |       3683 |                   cloudpickle.cloudpickle
import time:        53 |         53 |                       atexit
import time:       784 |        836 |                     logging
import time:       336 |       1172 |                   cloudpickle.cloudpickle_fast
import time:       232 |       5085 |                 cloudpickle
import time:       312 |        312 |                     _socket
import time:      1849 |       2160 |                   socket
import time:       191 |       2350 |                 pyarrow.util
import time:       195 |        195 |                   _queue
import time:       332 |        526 |                 queue
import time:        59 |         59 |                 pyarrow.collections
import time:        48 |         48 |                 pyarrow.enum
import time:     11847 |      20037 |               pyarrow.lib
import time:       536 |        536 |               pyarrow._hdfsio
import time:       335 |        335 |                 pyarrow.filesystem
import time:       297 |        631 |               pyarrow.hdfs
import time:       256 |        256 |               pyarrow.ipc
import time:       254 |        254 |               pyarrow.serialization
import time:       287 |        287 |               pyarrow.types
import time:      1889 |      24168 |             pyarrow
import time:       232 |      24399 |           pandas.compat.pyarrow
import time:       283 |      58310 |         pandas.compat
import time:       935 |        935 |         pandas.core.config_init
import time:       237 |        237 |           pandas.core.dtypes.missing
import time:       138 |        138 |               pandas.util._exceptions
import time:       183 |        183 |               pandas.util._validators
import time:       576 |        897 |             pandas.core.dtypes.cast
import time:       176 |        176 |               pandas.core.array_algos
import time:       275 |        275 |                 pandas.core.common
import time:       334 |        609 |               pandas.core.construction
import time:       347 |       1131 |             pandas.core.array_algos.take
import time:       206 |        206 |             pandas.core.indexers
import time:       677 |       2909 |           pandas.core.algorithms
import time:       313 |        313 |               pandas.compat.numpy.function
import time:       188 |        188 |                 pandas.compat._optional
import time:       305 |        493 |               pandas.core.missing
import time:       184 |        184 |                 pandas.core.roperator
import time:      1157 |       1157 |                   pandas._libs.ops
import time:       165 |        165 |                     pandas.core.computation
import time:       259 |        259 |                     pandas.core.computation.check
import time:       316 |        739 |                   pandas.core.computation.expressions
import time:       141 |        141 |                   pandas.core.ops.missing
import time:       119 |        119 |                   pandas.core.ops.dispatch
import time:       122 |        122 |                   pandas.core.ops.invalid
import time:       362 |       2637 |                 pandas.core.ops.array_ops
import time:       173 |        173 |                 pandas.core.ops.common
import time:       194 |        194 |                 pandas.core.ops.docstrings
import time:       136 |        136 |                 pandas.core.ops.mask_ops
import time:       147 |        147 |                 pandas.core.ops.methods
import time:       344 |       3814 |               pandas.core.ops
import time:       259 |        259 |               pandas.core.sorting
import time:       791 |       5667 |             pandas.core.arrays.base
import time:       873 |        873 |                 pandas.core.nanops
import time:       166 |        166 |                 pandas.core.array_algos.masked_reductions
import time:       368 |        368 |                 pandas.core.arraylike
import time:       636 |       2041 |               pandas.core.arrays.masked
import time:       338 |       2379 |             pandas.core.arrays.boolean
import time:       235 |        235 |                 _csv
import time:       442 |        676 |               csv
import time:       265 |        265 |                 zlib
import time:       239 |        239 |                   _compression
import time:       238 |        238 |                   _bz2
import time:       281 |        756 |                 bz2
import time:       285 |        285 |                   _lzma
import time:       323 |        608 |                 lzma
import time:        57 |         57 |                 pwd
import time:       176 |        176 |                 grp
import time:       661 |       2521 |               shutil
import time:       220 |        220 |               pandas._libs.arrays
import time:       379 |        379 |               pandas.core.accessor
import time:       127 |        127 |                 pandas.core.array_algos.transforms
import time:       518 |        645 |               pandas.core.arrays._mixins
import time:       779 |        779 |               pandas.core.base
import time:      2466 |       2466 |                   pandas.core.strings.accessor
import time:       322 |        322 |                   pandas.core.strings.base
import time:       214 |       3001 |                 pandas.core.strings
import time:       221 |        221 |                 unicodedata
import time:       409 |       3630 |               pandas.core.strings.object_array
import time:       132 |        132 |                 pandas.io
import time:       206 |        338 |               pandas.io.formats
import time:       183 |        183 |               pandas.io.formats.console
import time:      1090 |      10456 |             pandas.core.arrays.categorical
import time:       151 |        151 |                 pandas.tseries
import time:       395 |        395 |                 pandas.tseries.frequencies
import time:      1139 |       1684 |               pandas.core.arrays.datetimelike
import time:       158 |        158 |               pandas.core.arrays._ranges
import time:       252 |        252 |                 pandas.core.arrays.numeric
import time:       130 |        130 |                   pandas.core.tools
import time:       225 |        355 |                 pandas.core.tools.numeric
import time:       515 |       1121 |               pandas.core.arrays.integer
import time:       148 |        148 |               pandas.tseries.offsets
import time:       703 |       3812 |             pandas.core.arrays.datetimes
import time:       314 |        314 |             pandas.core.arrays.floating
import time:       141 |        141 |                 pandas.core.indexes
import time:       481 |        481 |                 pandas._libs.index
import time:       386 |        386 |                 pandas._libs.join
import time:       356 |        356 |                         pandas._libs.sparse
import time:       286 |        286 |                         pandas.core.arrays.sparse.dtype
import time:       393 |        393 |                         pandas.io.formats.printing
import time:       599 |       1632 |                       pandas.core.arrays.sparse.array
import time:       394 |       2025 |                     pandas.core.arrays.sparse.accessor
import time:       186 |       2211 |                   pandas.core.arrays.sparse
import time:       222 |       2433 |                 pandas.core.dtypes.concat
import time:       183 |        183 |                 pandas.core.array_algos.putmask
import time:       186 |        186 |                 pandas.core.indexes.frozen
import time:      1822 |       5629 |               pandas.core.indexes.base
import time:      1743 |       7372 |             pandas.core.arrays.interval
import time:       328 |        328 |             pandas.core.arrays.numpy_
import time:       567 |        567 |             pandas.core.arrays.period
import time:       365 |        365 |             pandas.core.arrays.string_
import time:     19601 |      19601 |                 pyarrow._compute
import time:     33461 |      53062 |               pyarrow.compute
import time:       483 |      53544 |             pandas.core.arrays.string_arrow
import time:       582 |        582 |             pandas.core.arrays.timedeltas
import time:       395 |      85776 |           pandas.core.arrays
import time:       176 |        176 |           pandas.core.flags
import time:       391 |        391 |               pandas._libs.reduction
import time:       522 |        522 |                     pandas.core.indexes.extension
import time:       539 |       1061 |                   pandas.core.indexes.category
import time:       585 |        585 |                       pandas.core.indexes.numeric
import time:       236 |        236 |                       pandas.core.tools.timedeltas
import time:       968 |       1788 |                     pandas.core.indexes.datetimelike
import time:       223 |        223 |                     pandas.core.tools.times
import time:      1722 |       3732 |                   pandas.core.indexes.datetimes
import time:      2283 |       2283 |                     pandas.core.indexes.multi
import time:       379 |        379 |                     pandas.core.indexes.timedeltas
import time:      1342 |       4004 |                   pandas.core.indexes.interval
import time:       822 |        822 |                   pandas.core.indexes.period
import time:       829 |        829 |                   pandas.core.indexes.range
import time:       351 |      10796 |                 pandas.core.indexes.api
import time:       237 |      11033 |               pandas.core.aggregation
import time:       891 |        891 |               pandas.core.apply
import time:       310 |        310 |                     pandas._libs.indexing
import time:      2140 |       2450 |                   pandas.core.indexing
import time:       193 |        193 |                       pandas.core.reshape
import time:       169 |        169 |                             backports_abc
import time:       632 |        800 |                           pandas._libs.internals
import time:       411 |        411 |                             pandas._libs.writers
import time:       224 |        224 |                             pandas.core.array_algos.quantile
import time:       241 |        241 |                             pandas.core.array_algos.replace
import time:      1345 |       2219 |                           pandas.core.internals.blocks
import time:       329 |       3348 |                         pandas.core.internals.api
import time:       427 |        427 |                           pandas.core.internals.base
import time:       939 |       1366 |                         pandas.core.internals.array_manager
import time:       303 |        303 |                             pandas.core.internals.ops
import time:       763 |       1065 |                           pandas.core.internals.managers
import time:      1597 |       2662 |                         pandas.core.internals.concat
import time:       268 |       7643 |                       pandas.core.internals
import time:       513 |       8348 |                     pandas.core.reshape.concat
import time:       418 |        418 |                         gzip
import time:       586 |        586 |                         tempfile
import time:       734 |        734 |                         zipfile
import time:      1216 |       2952 |                       pandas.io.common
import time:       880 |       3832 |                     pandas.io.formats.format
import time:       474 |      12652 |                   pandas.core.describe
import time:       326 |        326 |                   pandas.core.internals.construction
import time:       148 |        148 |                   pandas.core.shared_docs
import time:       133 |        133 |                         pandas._libs.window
import time:       463 |        596 |                       pandas._libs.window.aggregations
import time:       197 |        197 |                       pandas.core.util.numba_
import time:       173 |        173 |                       pandas.core.window.common
import time:       332 |        332 |                       pandas.core.window.doc
import time:       277 |        277 |                         pandas._libs.window.indexers
import time:       493 |        769 |                       pandas.core.window.indexers
import time:       276 |        276 |                       pandas.core.window.numba_
import time:       290 |        290 |                       pandas.core.window.online
import time:      2094 |       2094 |                       pandas.core.window.rolling
import time:       872 |       5594 |                     pandas.core.window.ewm
import time:       796 |        796 |                     pandas.core.window.expanding
import time:       187 |       6576 |                   pandas.core.window
import time:     14790 |      36940 |                 pandas.core.generic
import time:       147 |        147 |                   pandas.core.reshape.util
import time:       413 |        559 |                 pandas.core.reshape.melt
import time:       325 |        325 |                   pandas._libs.reshape
import time:       495 |        495 |                   pandas.core.indexes.accessors
import time:       167 |        167 |                     pandas.arrays
import time:       518 |        685 |                   pandas.core.tools.datetimes
import time:      1270 |       1270 |                     pandas.plotting._core
import time:       234 |        234 |                     pandas.plotting._misc
import time:       195 |       1698 |                   pandas.plotting
import time:      3455 |       6656 |                 pandas.core.series
import time:       582 |        582 |                 pandas.io.formats.info
import time:      8276 |      53011 |               pandas.core.frame
import time:       305 |        305 |               pandas.core.groupby.base
import time:       510 |        510 |                 pandas._libs.groupby
import time:       168 |        168 |                 pandas.core.groupby.numba_
import time:       154 |        154 |                     pandas.core.groupby.categorical
import time:       422 |        576 |                   pandas.core.groupby.grouper
import time:       584 |       1159 |                 pandas.core.groupby.ops
import time:      2305 |       4140 |               pandas.core.groupby.groupby
import time:      2437 |      72205 |             pandas.core.groupby.generic
import time:       182 |      72386 |           pandas.core.groupby
import time:       287 |     161770 |         pandas.core.api
import time:       146 |        146 |         pandas.tseries.api
import time:       114 |        114 |                 pandas.core.computation.common
import time:       205 |        318 |               pandas.core.computation.align
import time:       283 |        283 |                     pprint
import time:       259 |        259 |                     pandas.compat.chainmap
import time:       348 |        890 |                   pandas.core.computation.scope
import time:       539 |       1428 |                 pandas.core.computation.ops
import time:       170 |        170 |                 pandas.core.computation.parsing
import time:      1098 |       2695 |               pandas.core.computation.expr
import time:       292 |       3304 |             pandas.core.computation.engines
import time:       188 |       3491 |           pandas.core.computation.eval
import time:       123 |       3614 |         pandas.core.computation.api
import time:       824 |        824 |           pandas.core.reshape.merge
import time:       869 |        869 |           pandas.core.reshape.pivot
import time:       366 |        366 |           pandas.core.reshape.reshape
import time:       232 |        232 |           pandas.core.reshape.tile
import time:       249 |       2537 |         pandas.core.reshape.api
import time:       198 |        198 |           pandas.api.extensions
import time:       130 |        130 |           pandas.api.indexers
import time:       135 |        135 |             pandas.core.dtypes.api
import time:       151 |        286 |           pandas.api.types
import time:       216 |        828 |         pandas.api
import time:       691 |        691 |         pandas.util._print_versions
import time:       145 |        145 |           pandas.io.clipboards
import time:       101 |        101 |                 backports_abc
import time:       584 |        684 |               pandas._libs.parsers
import time:       167 |        167 |               pandas.io.excel._util
import time:       140 |        140 |                     pandas.io.date_converters
import time:       505 |        644 |                   pandas.io.parsers.base_parser
import time:       231 |        231 |                   pandas.io.parsers.c_parser_wrapper
import time:       458 |        458 |                   pandas.io.parsers.python_parser
import time:      1618 |       2950 |                 pandas.io.parsers.readers
import time:       190 |       3139 |               pandas.io.parsers
import time:       290 |        290 |               pandas.io.excel._odfreader
import time:       349 |        349 |               pandas.io.excel._openpyxl
import time:       240 |        240 |               pandas.io.excel._pyxlsb
import time:       206 |        206 |               pandas.io.excel._xlrd
import time:      1016 |       6087 |             pandas.io.excel._base
import time:       220 |        220 |               pandas._libs.json
import time:       189 |        189 |                 pandas.io.formats._color_data
import time:       232 |        232 |                 pandas.io.formats.css
import time:       559 |        979 |               pandas.io.formats.excel
import time:       272 |       1470 |             pandas.io.excel._odswriter
import time:       262 |        262 |             pandas.io.excel._xlsxwriter
import time:       207 |        207 |             pandas.io.excel._xlwt
import time:       201 |       8225 |           pandas.io.excel
import time:       326 |        326 |           pandas.io.feather_format
import time:       160 |        160 |           pandas.io.gbq
import time:       685 |        685 |           pandas.io.html
import time:       577 |        577 |               pandas.io.json._normalize
import time:       211 |        211 |               pandas.io.json._table_schema
import time:      1013 |       1799 |             pandas.io.json._json
import time:       167 |       1965 |           pandas.io.json
import time:       147 |        147 |           pandas.io.orc
import time:       460 |        460 |           pandas.io.parquet
import time:       265 |        265 |             pandas.compat.pickle_compat
import time:       414 |        679 |           pandas.io.pickle
import time:       483 |        483 |             pandas.core.computation.pytables
import time:      1692 |       2174 |           pandas.io.pytables
import time:       221 |        221 |             pandas.io.sas.sasreader
import time:       159 |        380 |           pandas.io.sas
import time:       137 |        137 |           pandas.io.spss
import time:       733 |        733 |           pandas.io.sql
import time:      1454 |       1454 |           pandas.io.stata
import time:       692 |        692 |           pandas.io.xml
import time:       427 |      18781 |         pandas.io.api
import time:       154 |        154 |         pandas.util._tester
import time:       187 |        187 |               pandas._testing._random
import time:       214 |        214 |               pandas._testing.contexts
import time:       328 |        728 |             pandas._testing._io
import time:       595 |        595 |             pandas._testing._warnings
import time:       248 |        248 |                 cmath
import time:       261 |        508 |               pandas._libs.testing
import time:       323 |        831 |             pandas._testing.asserters
import time:       141 |        141 |             pandas._testing.compat
import time:       623 |       2915 |           pandas._testing
import time:       134 |       3049 |         pandas.testing
import time:       129 |        129 |         pandas._version
import time:       781 |     389365 |       pandas
import time:       165 |        165 |         concurrent
import time:       550 |        550 |           concurrent.futures._base
import time:       218 |        768 |         concurrent.futures
import time:       105 |        105 |           backports_abc
import time:      2253 |       2357 |         pyarrow._parquet
import time:       897 |        897 |               _ssl
import time:      2414 |       3310 |             ssl
import time:        57 |         57 |             pyarrow.collections
import time:        46 |         46 |             pyarrow.enum
import time:       775 |       4187 |           pyarrow._fs
import time:       307 |        307 |           pyarrow._hdfs
import time:        74 |         74 |             pyarrow.collections
import time:        47 |         47 |             pyarrow.enum
import time:       558 |        678 |           pyarrow._s3fs
import time:      1708 |       6879 |         pyarrow.fs
import time:       918 |      11085 |       pyarrow.parquet
import time:       522 |        522 |         pyarrow._csv
import time:       169 |        691 |       pyarrow.csv
import time:       298 |        298 |         pyarrow._json
import time:       145 |        443 |       pyarrow.json
import time:       255 |        255 |           loguru._defaults
import time:       328 |        328 |                 multiprocessing.process
import time:       232 |        232 |                   array
import time:       317 |        548 |                 multiprocessing.reduction
import time:       591 |       1466 |               multiprocessing.context
import time:       214 |       1679 |             multiprocessing
import time:       224 |        224 |                   asyncio.constants
import time:       136 |        136 |                       asyncio.format_helpers
import time:       253 |        389 |                     asyncio.base_futures
import time:       122 |        122 |                     asyncio.log
import time:       260 |        770 |                   asyncio.coroutines
import time:       205 |        205 |                       _contextvars
import time:       150 |        354 |                     contextvars
import time:       167 |        167 |                       asyncio.base_tasks
import time:       340 |        507 |                     _asyncio
import time:       553 |       1413 |                   asyncio.events
import time:       231 |        231 |                   asyncio.futures
import time:       214 |        214 |                   asyncio.protocols
import time:       269 |        269 |                     asyncio.transports
import time:       467 |        736 |                   asyncio.sslproto
import time:       360 |        360 |                   asyncio.tasks
import time:       952 |       4896 |                 asyncio.base_events
import time:       364 |        364 |                 asyncio.locks
import time:       158 |        158 |                 asyncio.runners
import time:       249 |        249 |                 asyncio.queues
import time:       386 |        386 |                 asyncio.streams
import time:       306 |        306 |                 asyncio.subprocess
import time:       251 |        251 |                   asyncio.base_subprocess
import time:       896 |        896 |                   asyncio.selector_events
import time:       694 |       1840 |                 asyncio.unix_events
import time:       334 |       8530 |               asyncio
import time:       139 |       8668 |             loguru._asyncio_loop
import time:       136 |        136 |             loguru._colorama
import time:       119 |        119 |             loguru._filters
import time:       417 |        417 |               sysconfig
import time:       308 |        724 |             loguru._better_exceptions
import time:       678 |        678 |             loguru._colorizer
import time:       135 |        135 |             loguru._contextvars
import time:       771 |        771 |             loguru._datetime
import time:       194 |        194 |             loguru._error_interceptor
import time:       357 |        357 |               glob
import time:       179 |        179 |               loguru._string_parsers
import time:       142 |        142 |               loguru._ctime_functions
import time:       430 |       1106 |             loguru._file_sink
import time:       142 |        142 |             loguru._get_frame
import time:       133 |        133 |               loguru._locks_machinery
import time:       257 |        390 |             loguru._handler
import time:       312 |        312 |             loguru._recattrs
import time:       209 |        209 |             loguru._simple_sinks
import time:       938 |      16195 |           loguru._logger
import time:       342 |        342 |           _sysconfigdata_m_linux_x86_64-linux-gnu
import time:      2790 |      19581 |         loguru
import time:      1869 |      21450 |       daft.context
import time:       161 |        161 |           daft.logical
import time:      2875 |       2875 |               polars.polars
import time:       108 |        108 |                 hypothesis
import time:       226 |        226 |                   polars.internals.anonymous_scan
import time:       907 |        907 |                           html.entities
import time:       520 |       1427 |                         html
import time:       257 |       1684 |                       polars._html
import time:       986 |        986 |                       polars.datatypes
import time:       197 |        197 |                       polars.exceptions
import time:       172 |        172 |                         polars.datatypes_constructor
import time:       420 |        420 |                             pkgutil
import time:       379 |        798 |                           backports
import time:       274 |        274 |                             backports.zoneinfo._tzpath
import time:       199 |        199 |                             backports.zoneinfo._common
import time:       116 |        116 |                             backports.zoneinfo._version
import time:       249 |        249 |                             backports.zoneinfo._czoneinfo
import time:       279 |       1116 |                           backports.zoneinfo
import time:       319 |       2231 |                         polars.utils
import time:       436 |       2839 |                       polars.internals.construction
import time:       412 |        412 |                           polars.internals.type_aliases
import time:       289 |        700 |                         polars.internals.dataframe.pivot
import time:       492 |       1191 |                       polars.internals.dataframe.groupby
import time:       302 |        302 |                       polars.internals.slice
import time:      1395 |       8590 |                     polars.internals.dataframe.frame
import time:       148 |       8738 |                   polars.internals.dataframe
import time:       338 |        338 |                       polars.internals.expr.categorical
import time:       470 |        470 |                       polars.internals.expr.datetime
import time:       262 |        262 |                       polars.internals.expr.list
import time:       213 |        213 |                       polars.internals.expr.meta
import time:       340 |        340 |                       polars.internals.expr.string
import time:       180 |        180 |                       polars.internals.expr.struct
import time:      1896 |       3697 |                     polars.internals.expr.expr
import time:       161 |       3858 |                   polars.internals.expr
import time:       269 |        269 |                   polars.internals.functions
import time:       216 |        216 |                       email
import time:       950 |        950 |                         http
import time:       437 |        437 |                             email.errors
import time:       372 |        372 |                                 email.quoprimime
import time:       152 |        152 |                                 email.base64mime
import time:       175 |        175 |                                     quopri
import time:       149 |        323 |                                   email.encoders
import time:       209 |        532 |                                 email.charset
import time:       775 |       1829 |                               email.header
import time:       244 |        244 |                                 email._parseaddr
import time:       557 |        801 |                               email.utils
import time:       348 |       2977 |                             email._policybase
import time:       691 |       4103 |                           email.feedparser
import time:       284 |       4387 |                         email.parser
import time:       203 |        203 |                           uu
import time:       306 |        306 |                           email._encoded_words
import time:       154 |        154 |                           email.iterators
import time:       623 |       1285 |                         email.message
import time:      1107 |       7727 |                       http.client
import time:       211 |        211 |                         urllib.response
import time:       233 |        443 |                       urllib.error
import time:      1514 |       9899 |                     urllib.request
import time:        60 |         60 |                       importlib.metadata
import time:       372 |        372 |                         zipp
import time:       180 |        180 |                             importlib_metadata._functools
import time:       202 |        382 |                           importlib_metadata._text
import time:       293 |        675 |                         importlib_metadata._adapters
import time:       191 |        191 |                           importlib_metadata._compat
import time:       401 |        592 |                         importlib_metadata._meta
import time:       167 |        167 |                         importlib_metadata._py39compat
import time:       275 |        275 |                         importlib_metadata._collections
import time:       135 |        135 |                         importlib_metadata._itertools
import time:      1340 |       3553 |                       importlib_metadata
import time:       197 |        197 |                       fsspec._version
import time:       337 |        337 |                       fsspec.caching
import time:       218 |        218 |                       fsspec.callbacks
import time:       242 |        242 |                         fsspec.utils
import time:      1946 |       1946 |                             configparser
import time:       240 |       2186 |                           fsspec.config
import time:       182 |        182 |                           fsspec.dircache
import time:       197 |        197 |                           fsspec.transaction
import time:       663 |       3226 |                         fsspec.spec
import time:       110 |        110 |                         isal
import time:        90 |         90 |                         lzmaffi
import time:        98 |         98 |                         snappy
import time:        85 |         85 |                           lz4
import time:        24 |        108 |                         lz4.frame
import time:        83 |         83 |                         zstandard
import time:       320 |       4275 |                       fsspec.compression
import time:       231 |        231 |                         fsspec.registry
import time:       395 |        626 |                       fsspec.core
import time:       169 |        169 |                       fsspec.exceptions
import time:       228 |        228 |                       fsspec.mapping
import time:     13682 |      23342 |                     fsspec
import time:       224 |      33463 |                   polars.internals.io
import time:       478 |        478 |                   polars.internals.lazy_functions
import time:       167 |        167 |                         polars.string_cache
import time:       245 |        411 |                       polars.cfg
import time:       260 |        260 |                       polars.internals.lazyframe.groupby
import time:       754 |       1423 |                     polars.internals.lazyframe.frame
import time:       174 |       1597 |                   polars.internals.lazyframe
import time:       182 |        182 |                         polars.internals.series.utils
import time:       298 |        479 |                       polars.internals.series.categorical
import time:       949 |        949 |                       polars.internals.series.datetime
import time:       834 |        834 |                       polars.internals.series.list
import time:       847 |        847 |                       polars.internals.series.string
import time:       277 |        277 |                       polars.internals.series.struct
import time:       194 |        194 |                       polars.internals.series._numpy
import time:      2655 |       6231 |                     polars.internals.series.series
import time:       191 |       6422 |                   polars.internals.series
import time:       239 |        239 |                   polars.internals.whenthen
import time:       300 |      55584 |                 polars.internals
import time:       377 |      56069 |               polars.testing
import time:       178 |        178 |               polars.convert
import time:       203 |        203 |                 polars.internals.sql.context
import time:       153 |        356 |               polars.internals.sql
import time:       249 |        249 |                     concurrent.futures.thread
import time:       585 |        834 |                   pyarrow.pandas_compat
import time:       387 |        387 |                   pyarrow._feather
import time:       141 |        141 |                     pyarrow.vendored
import time:       510 |        650 |                   pyarrow.vendored.version
import time:       247 |       2116 |                 pyarrow.feather
import time:       109 |        109 |                 connectorx
import time:       366 |       2590 |               polars.io
import time:       206 |        206 |               polars.show_versions
import time:       493 |      62764 |             polars
import time:       144 |        144 |             daft.errors
import time:       125 |        125 |             daft.execution
import time:       131 |        131 |               daft.filesystem
import time:       122 |        122 |                 daft.runners
import time:      1480 |       1480 |                   daft.types
import time:      2350 |       3829 |                 daft.execution.operators
import time:       145 |        145 |                     daft.internal
import time:       198 |        342 |                   daft.internal.kernels
import time:       341 |        682 |                 daft.internal.kernels.hashing
import time:       108 |        108 |                   backports_abc
import time:       496 |        603 |                 daft.internal.kernels.search_sorted
import time:      1131 |       6366 |               daft.runners.blocks
import time:       278 |       6773 |             daft.execution.url_operators
import time:       399 |        399 |                     pyparsing.util
import time:       565 |        565 |                       pyparsing.unicode
import time:      2169 |       2733 |                     pyparsing.exceptions
import time:       182 |        182 |                     pyparsing.actions
import time:       496 |        496 |                       pyparsing.results
import time:      8667 |       9162 |                     pyparsing.core
import time:      3175 |       3175 |                     pyparsing.helpers
import time:       322 |        322 |                     pyparsing.testing
import time:      5911 |       5911 |                     pyparsing.common
import time:       696 |      22577 |                   pyparsing
import time:       324 |      22900 |                 dot_parser
import time:      1307 |      24207 |               pydot
import time:       279 |      24486 |             daft.internal.treenode
import time:       767 |        767 |             daft.resource_request
import time:       973 |      96029 |           daft.expressions
import time:       401 |      96590 |         daft.logical.schema
import time:       818 |      97408 |       daft.dataframe.schema
import time:      1884 |       1884 |       daft.datasources
import time:       116 |        116 |                 backports_abc
import time:      2890 |       3006 |               pyarrow._dataset
import time:       308 |        308 |               pyarrow._dataset_orc
import time:       333 |       3646 |             pyarrow.dataset
import time:      1869 |       5514 |           daft.runners.partitioning
import time:       548 |       6062 |         daft.logical.map_partition_ops
import time:      2040 |       8101 |       daft.logical.logical_plan
import time:       579 |        579 |         daft.execution.execution_plan
import time:       141 |        141 |             fsspec.implementations
import time:       481 |        621 |           fsspec.implementations.cached
import time:       291 |        291 |                   multidict._abc
import time:       154 |        154 |                       multidict._multidict_base
import time:       319 |        472 |                     multidict._multidict
import time:       166 |        638 |                   multidict._compat
import time:       252 |       1180 |                 multidict
import time:      1146 |       2325 |               aiohttp.hdrs
import time:       190 |        190 |                     attr._compat
import time:       122 |        122 |                       attr._config
import time:       254 |        254 |                         attr.exceptions
import time:       166 |        420 |                       attr.setters
import time:      2389 |       2929 |                     attr._make
import time:       247 |       3366 |                   attr.converters
import time:       157 |        157 |                   attr.filters
import time:      4373 |       4373 |                   attr.validators
import time:       164 |        164 |                   attr._cmp
import time:       175 |        175 |                   attr._funcs
import time:       654 |        654 |                   attr._version_info
import time:       184 |        184 |                   attr._next_gen
import time:       443 |       9513 |                 attr
import time:      1820 |       1820 |                     ipaddress
import time:       162 |        162 |                       idna.package_data
import time:       301 |        301 |                         idna.idnadata
import time:       186 |        186 |                         idna.intranges
import time:       936 |       1422 |                       idna.core
import time:       269 |       1853 |                     idna
import time:       272 |        272 |                       yarl._quoting_c
import time:       167 |        439 |                     yarl._quoting
import time:       575 |       4684 |                   yarl._url
import time:       190 |       4874 |                 yarl
import time:       106 |        106 |                       winreg
import time:       279 |        385 |                     mimetypes
import time:       640 |        640 |                     socketserver
import time:      3747 |       4771 |                   http.server
import time:       590 |        590 |                     aiohttp.typedefs
import time:       402 |        992 |                   aiohttp.http_exceptions
import time:       126 |        126 |                       aiohttp.tcp_helpers
import time:       280 |        405 |                     aiohttp.base_protocol
import time:       288 |        288 |                         shlex
import time:       252 |        539 |                       netrc
import time:       513 |        513 |                       async_timeout
import time:       172 |        172 |                       aiohttp.log
import time:       192 |        192 |                       aiohttp._helpers
import time:      7042 |       8456 |                     aiohttp.helpers
import time:      1548 |       1548 |                         http.cookies
import time:       672 |       2220 |                       aiohttp.abc
import time:       227 |        227 |                       aiohttp._http_writer
import time:       559 |       3004 |                     aiohttp.http_writer
import time:       838 |        838 |                     aiohttp.streams
import time:       108 |        108 |                     brotli
import time:       109 |        109 |                       backports_abc
import time:       542 |        650 |                     aiohttp._http_parser
import time:      1789 |      15248 |                   aiohttp.http_parser
import time:       181 |        181 |                     aiohttp._websocket
import time:      6455 |       6635 |                   aiohttp.http_websocket
import time:       305 |      27949 |                 aiohttp.http
import time:       955 |        955 |                 aiohttp.payload
import time:       821 |        821 |                 aiohttp.client_exceptions
import time:      1132 |       1132 |                   aiohttp.multipart
import time:       239 |        239 |                   aiohttp.formdata
import time:       103 |        103 |                   cchardet
import time:       249 |        249 |                         charset_normalizer.assets
import time:      1177 |       1177 |                         charset_normalizer.constant
import time:       121 |        121 |                             unicodedata2
import time:       219 |        219 |                             _multibytecodec
import time:      1050 |       1389 |                           charset_normalizer.utils
import time:       391 |       1779 |                         charset_normalizer.md
import time:       524 |        524 |                         charset_normalizer.models
import time:       361 |       4088 |                       charset_normalizer.cd
import time:       419 |       4506 |                     charset_normalizer.api
import time:       298 |        298 |                     charset_normalizer.legacy
import time:       126 |        126 |                     charset_normalizer.version
import time:       266 |       5195 |                   charset_normalizer
import time:      3225 |       9892 |                 aiohttp.client_reqrep
import time:       272 |        272 |                 aiohttp.client_ws
import time:       300 |        300 |                   aiohttp.client_proto
import time:       163 |        163 |                   aiohttp.locks
import time:       100 |        100 |                     aiodns
import time:       329 |        429 |                   aiohttp.resolver
import time:      1054 |       1944 |                 aiohttp.connector
import time:      1269 |       1269 |                 aiohttp.cookiejar
import time:       278 |        278 |                       frozenlist._frozenlist
import time:       357 |        635 |                     frozenlist
import time:       217 |        852 |                   aiosignal
import time:      7992 |       8843 |                 aiohttp.tracing
import time:      2246 |      68576 |               aiohttp.client
import time:       289 |        289 |               aiohttp.payload_streamer
import time:       102 |        102 |                   gunicorn
import time:        34 |        136 |                 gunicorn.config
import time:       207 |        342 |               aiohttp.worker
import time:       394 |      71925 |             aiohttp
import time:       128 |        128 |                         urllib3.packages
import time:       987 |       1114 |                       urllib3.packages.six
import time:        75 |       1189 |                     urllib3.packages.six.moves
import time:        66 |       1255 |                   urllib3.packages.six.moves.http_client
import time:       774 |       2028 |                 urllib3.exceptions
import time:       146 |        146 |                 urllib3._version
import time:       126 |        126 |                           urllib3.contrib
import time:       169 |        169 |                           urllib3.contrib._appengine_environ
import time:       169 |        169 |                           urllib3.util.wait
import time:       394 |        856 |                         urllib3.util.connection
import time:       100 |        100 |                           brotlicffi
import time:        89 |         89 |                           brotli
import time:       185 |        374 |                         urllib3.util.request
import time:       142 |        142 |                         urllib3.util.response
import time:       405 |        405 |                         urllib3.util.retry
import time:     10007 |      10007 |                           urllib3.util.url
import time:       247 |        247 |                           urllib3.util.ssltransport
import time:       276 |      10529 |                         urllib3.util.ssl_
import time:       180 |        180 |                         urllib3.util.timeout
import time:       243 |      12726 |                       urllib3.util
import time:       154 |      12879 |                     urllib3.util.proxy
import time:       274 |        274 |                     urllib3._collections
import time:       171 |        171 |                     urllib3.util.ssl_match_hostname
import time:       469 |      13791 |                   urllib3.connection
import time:       241 |        241 |                       urllib3.fields
import time:       188 |        429 |                     urllib3.filepost
import time:        41 |         41 |                       urllib3.packages.six.moves.urllib
import time:        57 |         98 |                     urllib3.packages.six.moves.urllib.parse
import time:       192 |        718 |                   urllib3.request
import time:       103 |        103 |                     brotlicffi
import time:        88 |         88 |                     brotli
import time:       515 |        706 |                   urllib3.response
import time:       164 |        164 |                   urllib3.util.queue
import time:       447 |      15824 |                 urllib3.connectionpool
import time:       622 |        622 |                 urllib3.poolmanager
import time:       108 |        108 |                 urllib3_secure_extra
import time:       376 |      19100 |               urllib3
import time:        95 |         95 |                   chardet
import time:       104 |        104 |                   simplejson
import time:      4050 |       4050 |                   http.cookiejar
import time:       248 |       4495 |                 requests.compat
import time:       598 |       5093 |               requests.exceptions
import time:       117 |        117 |               chardet
import time:        96 |         96 |                 chardet
import time:      1048 |       1143 |               requests.packages
import time:       424 |        424 |                       importlib.resources
import time:       194 |        617 |                     certifi.core
import time:       160 |        776 |                   certifi
import time:       149 |        925 |                 requests.certs
import time:       138 |        138 |                 requests.__version__
import time:       519 |        519 |                 requests._internal_utils
import time:       337 |        337 |                 requests.cookies
import time:       323 |        323 |                 requests.structures
import time:       646 |       2885 |               requests.utils
import time:       269 |        269 |                     requests.auth
import time:       416 |        416 |                         stringprep
import time:       286 |        701 |                       encodings.idna
import time:       161 |        161 |                       requests.hooks
import time:       431 |        431 |                       requests.status_codes
import time:       502 |       1794 |                     requests.models
import time:       103 |        103 |                       socks
import time:       220 |        323 |                     urllib3.contrib.socks
import time:       347 |       2731 |                   requests.adapters
import time:       306 |       3037 |                 requests.sessions
import time:       170 |       3206 |               requests.api
import time:       376 |      31917 |             requests
import time:       230 |        230 |               resource
import time:       559 |        789 |             fsspec.asyn
import time:      1080 |     105709 |           fsspec.implementations.http
import time:       395 |        395 |           daft.runners.shuffle_ops
import time:       449 |     107172 |         daft.execution.logical_op_runners
import time:       146 |        146 |               xml
import time:       189 |        335 |             xml.etree
import time:       524 |        524 |             xml.etree.ElementPath
import time:       294 |        294 |               pyexpat
import time:       339 |        633 |             _elementtree
import time:       720 |       2211 |           xml.etree.ElementTree
import time:       148 |       2358 |         daft.internal.gpu
import time:       295 |        295 |           daft.internal.rule
import time:       992 |       1287 |         daft.internal.rule_runner
import time:       442 |        442 |         daft.logical.optimizer
import time:       154 |        154 |         daft.runners.profiler
import time:       155 |        155 |         daft.runners.runner
import time:       845 |     112989 |       daft.runners.pyrunner
import time:       292 |        292 |                   wcwidth.table_wide
import time:       705 |        705 |                   wcwidth.table_zero
import time:       168 |        168 |                   wcwidth.unicode_versions
import time:       304 |       1467 |                 wcwidth.wcwidth
import time:       204 |       1671 |               wcwidth
import time:      2326 |       3996 |             tabulate
import time:       247 |        247 |                 PIL._version
import time:       269 |        516 |               PIL
import time:       129 |        129 |                 defusedxml
import time:        59 |        187 |               defusedxml.ElementTree
import time:       193 |        193 |               PIL.ImageMode
import time:       558 |        558 |               PIL.TiffTags
import time:       160 |        160 |               PIL._binary
import time:       139 |        139 |               PIL._deprecate
import time:       193 |        193 |               PIL._util
import time:      1007 |       1007 |               PIL._imaging
import time:       122 |        122 |               cffi
import time:     19018 |      22089 |             PIL.Image
import time:       215 |      26299 |           daft.viz.repr_html
import time:       899 |      27197 |         daft.viz.dataframe_display
import time:       185 |      27382 |       daft.viz
import time:      1185 |     683024 |     daft.dataframe.dataframe
import time:       250 |     683273 |   daft.dataframe
import time:       160 |        160 |   daft.logging
import time:       234 |        234 |   daft.udf
import time:      3751 |     687625 | daft
